<?xml version="1.0" encoding="UTF-8"?>
<testsuite xmlns:xsi="http://www.w3.org/2001/XMLSchema-instance" xsi:noNamespaceSchemaLocation="https://maven.apache.org/surefire/maven-surefire-plugin/xsd/surefire-test-report-3.0.xsd" version="3.0" name="application.CucumberTest" time="27.373" tests="3" errors="2" skipped="0" failures="0">
  <properties>
[...]
</properties>
  <testcase name="selecteren van een aantal reizen #1" classname="Alleen een bekende Webshop bezoeker mag de reizen zien of boeken" time="10.004">
    <error message="Could not convert arguments for step [^de bezoeker BoekersInfo invult$] defined at &apos;cucumberSteps.Test_Steps.de_bezoeker_BoekersInfo_invult(java.util.List&lt;cucumberSteps.BoekersInfo&gt;)&apos;.&#10;It appears you did not register a data table type." type="io.cucumber.core.exception.CucumberException"><![CDATA[io.cucumber.core.exception.CucumberException: 
Could not convert arguments for step [^de bezoeker BoekersInfo invult$] defined at 'cucumberSteps.Test_Steps.de_bezoeker_BoekersInfo_invult(java.util.List<cucumberSteps.BoekersInfo>)'.
It appears you did not register a data table type.
	at io.cucumber.core.runner.PickleStepDefinitionMatch.registerDataTableTypeInConfiguration(PickleStepDefinitionMatch.java:96)
	at io.cucumber.core.runner.PickleStepDefinitionMatch.runStep(PickleStepDefinitionMatch.java:50)
	at io.cucumber.core.runner.ExecutionMode$1.execute(ExecutionMode.java:10)
	at io.cucumber.core.runner.TestStep.executeStep(TestStep.java:84)
	at io.cucumber.core.runner.TestStep.run(TestStep.java:56)
	at io.cucumber.core.runner.PickleStepTestStep.run(PickleStepTestStep.java:51)
	at io.cucumber.core.runner.TestCase.run(TestCase.java:84)
	at io.cucumber.core.runner.Runner.runPickle(Runner.java:75)
	at io.cucumber.junit.PickleRunners$NoStepDescriptions.lambda$run$0(PickleRunners.java:151)
	at io.cucumber.core.runtime.CucumberExecutionContext.lambda$runTestCase$5(CucumberExecutionContext.java:137)
	at io.cucumber.core.runtime.RethrowingThrowableCollector.executeAndThrow(RethrowingThrowableCollector.java:23)
	at io.cucumber.core.runtime.CucumberExecutionContext.runTestCase(CucumberExecutionContext.java:137)
	at io.cucumber.junit.PickleRunners$NoStepDescriptions.run(PickleRunners.java:148)
	at io.cucumber.junit.FeatureRunner.runChild(FeatureRunner.java:144)
	at io.cucumber.junit.FeatureRunner.runChild(FeatureRunner.java:28)
	at io.cucumber.junit.FeatureRunner.run(FeatureRunner.java:137)
	at io.cucumber.junit.Cucumber.runChild(Cucumber.java:196)
	at io.cucumber.junit.Cucumber.runChild(Cucumber.java:89)
	at io.cucumber.core.runtime.CucumberExecutionContext.lambda$runFeatures$6(CucumberExecutionContext.java:148)
	at io.cucumber.core.runtime.CucumberExecutionContext.execute(CucumberExecutionContext.java:163)
	at io.cucumber.core.runtime.CucumberExecutionContext.runFeatures(CucumberExecutionContext.java:146)
	at io.cucumber.junit.Cucumber$StartAndFinishTestRun.evaluate(Cucumber.java:226)
Caused by: io.cucumber.datatable.UndefinedDataTableTypeException: Can't convert DataTable to List<cucumberSteps.BoekersInfo>.
Please review these problems:

 - There was no table entry or table row transformer registered for cucumberSteps.BoekersInfo.
   Please consider registering a table entry or row transformer.

 - There was no default table entry transformer registered to transform cucumberSteps.BoekersInfo.
   Please consider registering a default table entry transformer.

Note: Usually solving one is enough
	at io.cucumber.datatable.UndefinedDataTableTypeException.listNoConverterDefined(UndefinedDataTableTypeException.java:102)
	at io.cucumber.datatable.DataTableTypeRegistryTableConverter.toList(DataTableTypeRegistryTableConverter.java:144)
	at io.cucumber.datatable.DataTableTypeRegistryTableConverter.convert(DataTableTypeRegistryTableConverter.java:110)
	at io.cucumber.datatable.DataTable.convert(DataTable.java:478)
	at io.cucumber.core.stepexpression.StepExpressionFactory.lambda$createExpression$0(StepExpressionFactory.java:66)
	at io.cucumber.core.stepexpression.DataTableArgument.getValue(DataTableArgument.java:20)
	at io.cucumber.core.runner.PickleStepDefinitionMatch.runStep(PickleStepDefinitionMatch.java:47)
	... 20 more
]]></error>
    <system-out><![CDATA[13:05:55.178 [main] DEBUG io.netty.util.internal.logging.InternalLoggerFactory -- Using SLF4J as the default logging framework
13:05:55.181 [main] DEBUG io.netty.util.ResourceLeakDetector -- -Dio.netty.leakDetection.level: simple
13:05:55.181 [main] DEBUG io.netty.util.ResourceLeakDetector -- -Dio.netty.leakDetection.targetRecords: 4
13:05:55.183 [main] DEBUG io.netty.util.ResourceLeakDetectorFactory -- Loaded default ResourceLeakDetector: io.netty.util.ResourceLeakDetector@10fde30a
13:05:55.193 [main] DEBUG io.netty.util.internal.PlatformDependent0 -- -Dio.netty.noUnsafe: false
13:05:55.193 [main] DEBUG io.netty.util.internal.PlatformDependent0 -- Java version: 20
13:05:55.194 [main] DEBUG io.netty.util.internal.PlatformDependent0 -- sun.misc.Unsafe.theUnsafe: available
13:05:55.194 [main] DEBUG io.netty.util.internal.PlatformDependent0 -- sun.misc.Unsafe.copyMemory: available
13:05:55.194 [main] DEBUG io.netty.util.internal.PlatformDependent0 -- sun.misc.Unsafe.storeFence: available
13:05:55.195 [main] DEBUG io.netty.util.internal.PlatformDependent0 -- java.nio.Buffer.address: available
13:05:55.195 [main] DEBUG io.netty.util.internal.PlatformDependent0 -- direct buffer constructor: unavailable: Reflective setAccessible(true) disabled
13:05:55.195 [main] DEBUG io.netty.util.internal.PlatformDependent0 -- java.nio.Bits.unaligned: available, true
13:05:55.196 [main] DEBUG io.netty.util.internal.PlatformDependent0 -- jdk.internal.misc.Unsafe.allocateUninitializedArray(int): unavailable: class io.netty.util.internal.PlatformDependent0$7 cannot access class jdk.internal.misc.Unsafe (in module java.base) because module java.base does not export jdk.internal.misc to unnamed module @453da22c
13:05:55.196 [main] DEBUG io.netty.util.internal.PlatformDependent0 -- java.nio.DirectByteBuffer.<init>(long, int): unavailable
13:05:55.196 [main] DEBUG io.netty.util.internal.PlatformDependent -- sun.misc.Unsafe: available
13:05:55.197 [main] DEBUG io.netty.util.internal.PlatformDependent -- maxDirectMemory: 8514437120 bytes (maybe)
13:05:55.198 [main] DEBUG io.netty.util.internal.PlatformDependent -- -Dio.netty.tmpdir: C:\Users\a880701\AppData\Local\Temp (java.io.tmpdir)
13:05:55.198 [main] DEBUG io.netty.util.internal.PlatformDependent -- -Dio.netty.bitMode: 64 (sun.arch.data.model)
13:05:55.198 [main] DEBUG io.netty.util.internal.PlatformDependent -- Platform: Windows
13:05:55.198 [main] DEBUG io.netty.util.internal.PlatformDependent -- -Dio.netty.maxDirectMemory: -1 bytes
13:05:55.198 [main] DEBUG io.netty.util.internal.PlatformDependent -- -Dio.netty.uninitializedArrayAllocationThreshold: -1
13:05:55.199 [main] DEBUG io.netty.util.internal.CleanerJava9 -- java.nio.ByteBuffer.cleaner(): available
13:05:55.199 [main] DEBUG io.netty.util.internal.PlatformDependent -- -Dio.netty.noPreferDirect: false
13:05:55.203 [main] DEBUG io.netty.util.internal.PlatformDependent -- org.jctools-core.MpscChunkedArrayQueue: available
13:05:55.213 [main] DEBUG io.netty.util.internal.InternalThreadLocalMap -- -Dio.netty.threadLocalMap.stringBuilder.initialSize: 1024
13:05:55.213 [main] DEBUG io.netty.util.internal.InternalThreadLocalMap -- -Dio.netty.threadLocalMap.stringBuilder.maxSize: 4096
13:05:55.292 [main] DEBUG io.netty.handler.ssl.JdkSslContext -- Default protocols (JDK): [TLSv1.3, TLSv1.2] 
13:05:55.292 [main] DEBUG io.netty.handler.ssl.JdkSslContext -- Default cipher suites (JDK): [TLS_ECDHE_ECDSA_WITH_AES_256_GCM_SHA384, TLS_ECDHE_ECDSA_WITH_AES_128_GCM_SHA256, TLS_ECDHE_RSA_WITH_AES_128_GCM_SHA256, TLS_ECDHE_RSA_WITH_AES_256_GCM_SHA384, TLS_ECDHE_RSA_WITH_AES_128_CBC_SHA, TLS_ECDHE_RSA_WITH_AES_256_CBC_SHA, TLS_RSA_WITH_AES_128_GCM_SHA256, TLS_RSA_WITH_AES_128_CBC_SHA, TLS_RSA_WITH_AES_256_CBC_SHA, TLS_AES_128_GCM_SHA256, TLS_AES_256_GCM_SHA384]
13:05:55.299 [main] DEBUG io.netty.util.concurrent.GlobalEventExecutor -- -Dio.netty.globalEventExecutor.quietPeriodSeconds: 1
13:05:55.305 [main] DEBUG io.netty.channel.MultithreadEventLoopGroup -- -Dio.netty.eventLoopThreads: 32
13:05:55.310 [main] DEBUG io.netty.channel.nio.NioEventLoop -- -Dio.netty.noKeySetOptimization: false
13:05:55.310 [main] DEBUG io.netty.channel.nio.NioEventLoop -- -Dio.netty.selectorAutoRebuildThreshold: 512
13:05:55.355 [main] DEBUG io.netty.buffer.PooledByteBufAllocator -- -Dio.netty.allocator.numHeapArenas: 32
13:05:55.355 [main] DEBUG io.netty.buffer.PooledByteBufAllocator -- -Dio.netty.allocator.numDirectArenas: 32
13:05:55.355 [main] DEBUG io.netty.buffer.PooledByteBufAllocator -- -Dio.netty.allocator.pageSize: 8192
13:05:55.355 [main] DEBUG io.netty.buffer.PooledByteBufAllocator -- -Dio.netty.allocator.maxOrder: 9
13:05:55.355 [main] DEBUG io.netty.buffer.PooledByteBufAllocator -- -Dio.netty.allocator.chunkSize: 4194304
13:05:55.355 [main] DEBUG io.netty.buffer.PooledByteBufAllocator -- -Dio.netty.allocator.smallCacheSize: 256
13:05:55.355 [main] DEBUG io.netty.buffer.PooledByteBufAllocator -- -Dio.netty.allocator.normalCacheSize: 64
13:05:55.355 [main] DEBUG io.netty.buffer.PooledByteBufAllocator -- -Dio.netty.allocator.maxCachedBufferCapacity: 32768
13:05:55.355 [main] DEBUG io.netty.buffer.PooledByteBufAllocator -- -Dio.netty.allocator.cacheTrimInterval: 8192
13:05:55.355 [main] DEBUG io.netty.buffer.PooledByteBufAllocator -- -Dio.netty.allocator.cacheTrimIntervalMillis: 0
13:05:55.355 [main] DEBUG io.netty.buffer.PooledByteBufAllocator -- -Dio.netty.allocator.useCacheForAllThreads: false
13:05:55.356 [main] DEBUG io.netty.buffer.PooledByteBufAllocator -- -Dio.netty.allocator.maxCachedByteBuffersPerChunk: 1023
13:05:55.363 [main] DEBUG io.netty.buffer.ByteBufUtil -- -Dio.netty.allocator.type: pooled
13:05:55.363 [main] DEBUG io.netty.buffer.ByteBufUtil -- -Dio.netty.threadLocalDirectBufferSize: 0
13:05:55.363 [main] DEBUG io.netty.buffer.ByteBufUtil -- -Dio.netty.maxThreadLocalCharBufferSize: 16384
13:05:55.579 [Forwarding newSession on session null to remote] DEBUG io.netty.channel.DefaultChannelId -- -Dio.netty.processId: 36196 (auto-detected)
13:05:55.580 [Forwarding newSession on session null to remote] DEBUG io.netty.util.NetUtil -- -Djava.net.preferIPv4Stack: false
13:05:55.580 [Forwarding newSession on session null to remote] DEBUG io.netty.util.NetUtil -- -Djava.net.preferIPv6Addresses: false
13:05:55.586 [Forwarding newSession on session null to remote] DEBUG io.netty.util.NetUtilInitializations -- Loopback interface: lo (Software Loopback Interface 1, 127.0.0.1)
13:05:55.587 [Forwarding newSession on session null to remote] DEBUG io.netty.util.NetUtil -- Failed to get SOMAXCONN from sysctl and file \proc\sys\net\core\somaxconn. Default: 200
13:05:55.602 [Forwarding newSession on session null to remote] DEBUG io.netty.channel.DefaultChannelId -- -Dio.netty.machineId: 88:a4:c2:ff:fe:09:a0:d1 (auto-detected)
13:05:55.627 [AsyncHttpClient-1-2] DEBUG io.netty.buffer.AbstractByteBuf -- -Dio.netty.buffer.checkAccessible: true
13:05:55.627 [AsyncHttpClient-1-2] DEBUG io.netty.buffer.AbstractByteBuf -- -Dio.netty.buffer.checkBounds: true
13:05:55.627 [AsyncHttpClient-1-2] DEBUG io.netty.util.ResourceLeakDetectorFactory -- Loaded default ResourceLeakDetector: io.netty.util.ResourceLeakDetector@54710a3
13:05:55.636 [AsyncHttpClient-1-2] DEBUG org.asynchttpclient.netty.channel.NettyConnectListener -- Using new Channel '[id: 0x887c25fe, L:/127.0.0.1:65071 - R:localhost/127.0.0.1:12740]' for 'POST' to '/session'
13:05:55.645 [AsyncHttpClient-1-2] DEBUG io.netty.util.Recycler -- -Dio.netty.recycler.maxCapacityPerThread: 4096
13:05:55.645 [AsyncHttpClient-1-2] DEBUG io.netty.util.Recycler -- -Dio.netty.recycler.ratio: 8
13:05:55.645 [AsyncHttpClient-1-2] DEBUG io.netty.util.Recycler -- -Dio.netty.recycler.chunkSize: 32
13:05:55.645 [AsyncHttpClient-1-2] DEBUG io.netty.util.Recycler -- -Dio.netty.recycler.blocking: false
13:05:55.645 [AsyncHttpClient-1-2] DEBUG io.netty.util.Recycler -- -Dio.netty.recycler.batchFastThreadLocalOnly: true
13:05:56.250 [AsyncHttpClient-1-2] DEBUG io.netty.handler.codec.compression.Brotli -- brotli4j not in the classpath; Brotli support will be unavailable.
13:05:56.250 [AsyncHttpClient-1-2] DEBUG org.asynchttpclient.netty.handler.HttpHandler -- 

Request DefaultHttpRequest(decodeResult: success, version: HTTP/1.1)
POST /session HTTP/1.1
User-Agent: selenium/4.10.0 (java windows)
Content-Length: 254
Content-Type: application/json; charset=utf-8
host: localhost:12740
accept: */*

Response DefaultHttpResponse(decodeResult: success, version: HTTP/1.1)
HTTP/1.1 200 OK
Content-Length: 862
Content-Type: application/json; charset=utf-8
cache-control: no-cache

13:05:56.254 [AsyncHttpClient-1-2] DEBUG org.asynchttpclient.netty.channel.ChannelManager -- Adding key: http://localhost:12740 for channel [id: 0x887c25fe, L:/127.0.0.1:65071 - R:localhost/127.0.0.1:12740]
13:05:56.295 [AsyncHttpClient-1-3] DEBUG org.asynchttpclient.netty.channel.NettyConnectListener -- Using new Channel '[id: 0x741322f0, L:/127.0.0.1:65092 - R:localhost/127.0.0.1:65083]' for 'GET' to '/json/version'
13:05:56.297 [AsyncHttpClient-1-3] DEBUG org.asynchttpclient.netty.handler.HttpHandler -- 

Request DefaultFullHttpRequest(decodeResult: success, version: HTTP/1.1, content: EmptyByteBufBE)
GET /json/version HTTP/1.1
User-Agent: selenium/4.10.0 (java windows)
host: localhost:65083
accept: */*

Response DefaultHttpResponse(decodeResult: success, version: HTTP/1.1)
HTTP/1.1 200 OK
Content-Security-Policy: frame-ancestors 'none'
Content-Length: 424
Content-Type: application/json; charset=UTF-8

13:05:56.298 [AsyncHttpClient-1-3] DEBUG org.asynchttpclient.netty.channel.ChannelManager -- Adding key: http://localhost:65083 for channel [id: 0x741322f0, L:/127.0.0.1:65092 - R:localhost/127.0.0.1:65083]
13:05:56.302 [main] DEBUG io.netty.util.internal.ThreadLocalRandom -- -Dio.netty.initialSeedUniquifier: 0x8a6cbebc171d738c
13:05:56.305 [AsyncHttpClient-1-4] DEBUG org.asynchttpclient.netty.channel.NettyConnectListener -- Using new Channel '[id: 0x54786d26, L:/127.0.0.1:65093 - R:localhost/127.0.0.1:65083]' for 'GET' to '/devtools/browser/3be8fe7f-8431-404d-8901-675de672c947'
13:05:56.307 [AsyncHttpClient-1-4] DEBUG org.asynchttpclient.netty.handler.WebSocketHandler -- 

Request DefaultFullHttpRequest(decodeResult: success, version: HTTP/1.1, content: EmptyByteBufBE)
GET /devtools/browser/3be8fe7f-8431-404d-8901-675de672c947 HTTP/1.1
upgrade: websocket
connection: upgrade
sec-websocket-key: Ovs6P2zlUu+4y37FSeVVVg==
sec-websocket-version: 13
origin: http://localhost:65083
host: localhost:65083
accept: */*
user-agent: AHC/2.1

Response DefaultHttpResponse(decodeResult: success, version: HTTP/1.1)
HTTP/1.1 101 WebSocket Protocol Handshake
Upgrade: WebSocket
Connection: Upgrade
Sec-WebSocket-Accept: OVV961yy7skaD++A3rkcAIwV8Yw=

13:05:56.308 [AsyncHttpClient-1-1] DEBUG org.asynchttpclient.netty.channel.DefaultChannelPool -- Entry count for : http://localhost:12740 : 1
13:05:56.308 [AsyncHttpClient-1-1] DEBUG org.asynchttpclient.netty.channel.DefaultChannelPool -- Entry count for : http://localhost:65083 : 1
13:05:56.326 [Forwarding fullscreenCurrentWindow on session db756c82607839ee1aebe9454ce4d454 to remote] DEBUG org.asynchttpclient.netty.request.NettyRequestSender -- Using pooled Channel '[id: 0x887c25fe, L:/127.0.0.1:65071 - R:localhost/127.0.0.1:12740]' for 'POST' to 'http://localhost:12740/session/db756c82607839ee1aebe9454ce4d454/window/fullscreen'
13:05:56.326 [Forwarding fullscreenCurrentWindow on session db756c82607839ee1aebe9454ce4d454 to remote] DEBUG org.asynchttpclient.netty.request.NettyRequestSender -- Using open Channel [id: 0x887c25fe, L:/127.0.0.1:65071 - R:localhost/127.0.0.1:12740] for POST '/session/db756c82607839ee1aebe9454ce4d454/window/fullscreen'
13:05:56.345 [AsyncHttpClient-1-2] DEBUG org.asynchttpclient.netty.handler.HttpHandler -- 

Request DefaultHttpRequest(decodeResult: success, version: HTTP/1.1)
POST /session/db756c82607839ee1aebe9454ce4d454/window/fullscreen HTTP/1.1
User-Agent: selenium/4.10.0 (java windows)
Content-Length: 3
Content-Type: application/json; charset=utf-8
host: localhost:12740
accept: */*

Response DefaultHttpResponse(decodeResult: success, version: HTTP/1.1)
HTTP/1.1 200 OK
Content-Length: 49
Content-Type: application/json; charset=utf-8
cache-control: no-cache

13:05:56.345 [AsyncHttpClient-1-2] DEBUG org.asynchttpclient.netty.channel.ChannelManager -- Adding key: http://localhost:12740 for channel [id: 0x887c25fe, L:/127.0.0.1:65071 - R:localhost/127.0.0.1:12740]
13:05:56.347 [Forwarding get on session db756c82607839ee1aebe9454ce4d454 to remote] DEBUG org.asynchttpclient.netty.request.NettyRequestSender -- Using pooled Channel '[id: 0x887c25fe, L:/127.0.0.1:65071 - R:localhost/127.0.0.1:12740]' for 'POST' to 'http://localhost:12740/session/db756c82607839ee1aebe9454ce4d454/url'
13:05:56.348 [Forwarding get on session db756c82607839ee1aebe9454ce4d454 to remote] DEBUG org.asynchttpclient.netty.request.NettyRequestSender -- Using open Channel [id: 0x887c25fe, L:/127.0.0.1:65071 - R:localhost/127.0.0.1:12740] for POST '/session/db756c82607839ee1aebe9454ce4d454/url'
13:05:57.409 [AsyncHttpClient-1-1] DEBUG org.asynchttpclient.netty.channel.DefaultChannelPool -- Entry count for : http://localhost:65083 : 1
13:05:58.507 [AsyncHttpClient-1-1] DEBUG org.asynchttpclient.netty.channel.DefaultChannelPool -- Entry count for : http://localhost:65083 : 1
13:05:59.616 [AsyncHttpClient-1-1] DEBUG org.asynchttpclient.netty.channel.DefaultChannelPool -- Entry count for : http://localhost:65083 : 1
13:06:00.708 [AsyncHttpClient-1-1] DEBUG org.asynchttpclient.netty.channel.DefaultChannelPool -- Entry count for : http://localhost:65083 : 1
13:06:01.113 [AsyncHttpClient-1-2] DEBUG org.asynchttpclient.netty.handler.HttpHandler -- 

Request DefaultHttpRequest(decodeResult: success, version: HTTP/1.1)
POST /session/db756c82607839ee1aebe9454ce4d454/url HTTP/1.1
User-Agent: selenium/4.10.0 (java windows)
Content-Length: 68
Content-Type: application/json; charset=utf-8
host: localhost:12740
accept: */*

Response DefaultHttpResponse(decodeResult: success, version: HTTP/1.1)
HTTP/1.1 200 OK
Content-Length: 14
Content-Type: application/json; charset=utf-8
cache-control: no-cache

13:06:01.114 [AsyncHttpClient-1-2] DEBUG org.asynchttpclient.netty.channel.ChannelManager -- Adding key: http://localhost:12740 for channel [id: 0x887c25fe, L:/127.0.0.1:65071 - R:localhost/127.0.0.1:12740]
13:06:01.118 [Forwarding findElement on session db756c82607839ee1aebe9454ce4d454 to remote] DEBUG org.asynchttpclient.netty.request.NettyRequestSender -- Using pooled Channel '[id: 0x887c25fe, L:/127.0.0.1:65071 - R:localhost/127.0.0.1:12740]' for 'POST' to 'http://localhost:12740/session/db756c82607839ee1aebe9454ce4d454/element'
13:06:01.118 [Forwarding findElement on session db756c82607839ee1aebe9454ce4d454 to remote] DEBUG org.asynchttpclient.netty.request.NettyRequestSender -- Using open Channel [id: 0x887c25fe, L:/127.0.0.1:65071 - R:localhost/127.0.0.1:12740] for POST '/session/db756c82607839ee1aebe9454ce4d454/element'
13:06:01.127 [AsyncHttpClient-1-2] DEBUG org.asynchttpclient.netty.handler.HttpHandler -- 

Request DefaultHttpRequest(decodeResult: success, version: HTTP/1.1)
POST /session/db756c82607839ee1aebe9454ce4d454/element HTTP/1.1
User-Agent: selenium/4.10.0 (java windows)
Content-Length: 53
Content-Type: application/json; charset=utf-8
host: localhost:12740
accept: */*

Response DefaultHttpResponse(decodeResult: success, version: HTTP/1.1)
HTTP/1.1 200 OK
Content-Length: 95
Content-Type: application/json; charset=utf-8
cache-control: no-cache

13:06:01.128 [AsyncHttpClient-1-2] DEBUG org.asynchttpclient.netty.channel.ChannelManager -- Adding key: http://localhost:12740 for channel [id: 0x887c25fe, L:/127.0.0.1:65071 - R:localhost/127.0.0.1:12740]
13:06:01.130 [Forwarding getTitle on session db756c82607839ee1aebe9454ce4d454 to remote] DEBUG org.asynchttpclient.netty.request.NettyRequestSender -- Using pooled Channel '[id: 0x887c25fe, L:/127.0.0.1:65071 - R:localhost/127.0.0.1:12740]' for 'GET' to 'http://localhost:12740/session/db756c82607839ee1aebe9454ce4d454/title'
13:06:01.130 [Forwarding getTitle on session db756c82607839ee1aebe9454ce4d454 to remote] DEBUG org.asynchttpclient.netty.request.NettyRequestSender -- Using open Channel [id: 0x887c25fe, L:/127.0.0.1:65071 - R:localhost/127.0.0.1:12740] for GET '/session/db756c82607839ee1aebe9454ce4d454/title'
13:06:01.133 [AsyncHttpClient-1-2] DEBUG org.asynchttpclient.netty.handler.HttpHandler -- 

Request DefaultFullHttpRequest(decodeResult: success, version: HTTP/1.1, content: EmptyByteBufBE)
GET /session/db756c82607839ee1aebe9454ce4d454/title HTTP/1.1
User-Agent: selenium/4.10.0 (java windows)
Cache-Control: no-cache
Content-Type: application/json; charset=utf-8
host: localhost:12740
accept: */*

Response DefaultHttpResponse(decodeResult: success, version: HTTP/1.1)
HTTP/1.1 200 OK
Content-Length: 50
Content-Type: application/json; charset=utf-8
cache-control: no-cache

13:06:01.133 [AsyncHttpClient-1-2] DEBUG org.asynchttpclient.netty.channel.ChannelManager -- Adding key: http://localhost:12740 for channel [id: 0x887c25fe, L:/127.0.0.1:65071 - R:localhost/127.0.0.1:12740]
controle LoginPage met succes uitgevoerd
13:06:01.138 [Forwarding findElement on session db756c82607839ee1aebe9454ce4d454 to remote] DEBUG org.asynchttpclient.netty.request.NettyRequestSender -- Using pooled Channel '[id: 0x887c25fe, L:/127.0.0.1:65071 - R:localhost/127.0.0.1:12740]' for 'POST' to 'http://localhost:12740/session/db756c82607839ee1aebe9454ce4d454/element'
13:06:01.138 [Forwarding findElement on session db756c82607839ee1aebe9454ce4d454 to remote] DEBUG org.asynchttpclient.netty.request.NettyRequestSender -- Using open Channel [id: 0x887c25fe, L:/127.0.0.1:65071 - R:localhost/127.0.0.1:12740] for POST '/session/db756c82607839ee1aebe9454ce4d454/element'
13:06:01.144 [AsyncHttpClient-1-2] DEBUG org.asynchttpclient.netty.handler.HttpHandler -- 

Request DefaultHttpRequest(decodeResult: success, version: HTTP/1.1)
POST /session/db756c82607839ee1aebe9454ce4d454/element HTTP/1.1
User-Agent: selenium/4.10.0 (java windows)
Content-Length: 53
Content-Type: application/json; charset=utf-8
host: localhost:12740
accept: */*

Response DefaultHttpResponse(decodeResult: success, version: HTTP/1.1)
HTTP/1.1 200 OK
Content-Length: 95
Content-Type: application/json; charset=utf-8
cache-control: no-cache

13:06:01.144 [AsyncHttpClient-1-2] DEBUG org.asynchttpclient.netty.channel.ChannelManager -- Adding key: http://localhost:12740 for channel [id: 0x887c25fe, L:/127.0.0.1:65071 - R:localhost/127.0.0.1:12740]
13:06:01.146 [Forwarding clearElement on session db756c82607839ee1aebe9454ce4d454 to remote] DEBUG org.asynchttpclient.netty.request.NettyRequestSender -- Using pooled Channel '[id: 0x887c25fe, L:/127.0.0.1:65071 - R:localhost/127.0.0.1:12740]' for 'POST' to 'http://localhost:12740/session/db756c82607839ee1aebe9454ce4d454/element/64852295632E7C229CCFCEFF2D8B861C_element_29/clear'
13:06:01.146 [Forwarding clearElement on session db756c82607839ee1aebe9454ce4d454 to remote] DEBUG org.asynchttpclient.netty.request.NettyRequestSender -- Using open Channel [id: 0x887c25fe, L:/127.0.0.1:65071 - R:localhost/127.0.0.1:12740] for POST '/session/db756c82607839ee1aebe9454ce4d454/element/64852295632E7C229CCFCEFF2D8B861C_element_29/clear'
13:06:01.168 [AsyncHttpClient-1-2] DEBUG org.asynchttpclient.netty.handler.HttpHandler -- 

Request DefaultHttpRequest(decodeResult: success, version: HTTP/1.1)
POST /session/db756c82607839ee1aebe9454ce4d454/element/64852295632E7C229CCFCEFF2D8B861C_element_29/clear HTTP/1.1
User-Agent: selenium/4.10.0 (java windows)
Content-Length: 57
Content-Type: application/json; charset=utf-8
host: localhost:12740
accept: */*

Response DefaultHttpResponse(decodeResult: success, version: HTTP/1.1)
HTTP/1.1 200 OK
Content-Length: 14
Content-Type: application/json; charset=utf-8
cache-control: no-cache

13:06:01.168 [AsyncHttpClient-1-2] DEBUG org.asynchttpclient.netty.channel.ChannelManager -- Adding key: http://localhost:12740 for channel [id: 0x887c25fe, L:/127.0.0.1:65071 - R:localhost/127.0.0.1:12740]
13:06:01.170 [Forwarding findElement on session db756c82607839ee1aebe9454ce4d454 to remote] DEBUG org.asynchttpclient.netty.request.NettyRequestSender -- Using pooled Channel '[id: 0x887c25fe, L:/127.0.0.1:65071 - R:localhost/127.0.0.1:12740]' for 'POST' to 'http://localhost:12740/session/db756c82607839ee1aebe9454ce4d454/element'
13:06:01.170 [Forwarding findElement on session db756c82607839ee1aebe9454ce4d454 to remote] DEBUG org.asynchttpclient.netty.request.NettyRequestSender -- Using open Channel [id: 0x887c25fe, L:/127.0.0.1:65071 - R:localhost/127.0.0.1:12740] for POST '/session/db756c82607839ee1aebe9454ce4d454/element'
13:06:01.176 [AsyncHttpClient-1-2] DEBUG org.asynchttpclient.netty.handler.HttpHandler -- 

Request DefaultHttpRequest(decodeResult: success, version: HTTP/1.1)
POST /session/db756c82607839ee1aebe9454ce4d454/element HTTP/1.1
User-Agent: selenium/4.10.0 (java windows)
Content-Length: 53
Content-Type: application/json; charset=utf-8
host: localhost:12740
accept: */*

Response DefaultHttpResponse(decodeResult: success, version: HTTP/1.1)
HTTP/1.1 200 OK
Content-Length: 95
Content-Type: application/json; charset=utf-8
cache-control: no-cache

13:06:01.177 [AsyncHttpClient-1-2] DEBUG org.asynchttpclient.netty.channel.ChannelManager -- Adding key: http://localhost:12740 for channel [id: 0x887c25fe, L:/127.0.0.1:65071 - R:localhost/127.0.0.1:12740]
13:06:01.179 [Forwarding sendKeysToElement on session db756c82607839ee1aebe9454ce4d454 to remote] DEBUG org.asynchttpclient.netty.request.NettyRequestSender -- Using pooled Channel '[id: 0x887c25fe, L:/127.0.0.1:65071 - R:localhost/127.0.0.1:12740]' for 'POST' to 'http://localhost:12740/session/db756c82607839ee1aebe9454ce4d454/element/64852295632E7C229CCFCEFF2D8B861C_element_29/value'
13:06:01.180 [Forwarding sendKeysToElement on session db756c82607839ee1aebe9454ce4d454 to remote] DEBUG org.asynchttpclient.netty.request.NettyRequestSender -- Using open Channel [id: 0x887c25fe, L:/127.0.0.1:65071 - R:localhost/127.0.0.1:12740] for POST '/session/db756c82607839ee1aebe9454ce4d454/element/64852295632E7C229CCFCEFF2D8B861C_element_29/value'
13:06:01.213 [AsyncHttpClient-1-2] DEBUG org.asynchttpclient.netty.handler.HttpHandler -- 

Request DefaultHttpRequest(decodeResult: success, version: HTTP/1.1)
POST /session/db756c82607839ee1aebe9454ce4d454/element/64852295632E7C229CCFCEFF2D8B861C_element_29/value HTTP/1.1
User-Agent: selenium/4.10.0 (java windows)
Content-Length: 178
Content-Type: application/json; charset=utf-8
host: localhost:12740
accept: */*

Response DefaultHttpResponse(decodeResult: success, version: HTTP/1.1)
HTTP/1.1 200 OK
Content-Length: 14
Content-Type: application/json; charset=utf-8
cache-control: no-cache

13:06:01.213 [AsyncHttpClient-1-2] DEBUG org.asynchttpclient.netty.channel.ChannelManager -- Adding key: http://localhost:12740 for channel [id: 0x887c25fe, L:/127.0.0.1:65071 - R:localhost/127.0.0.1:12740]
13:06:01.215 [Forwarding findElement on session db756c82607839ee1aebe9454ce4d454 to remote] DEBUG org.asynchttpclient.netty.request.NettyRequestSender -- Using pooled Channel '[id: 0x887c25fe, L:/127.0.0.1:65071 - R:localhost/127.0.0.1:12740]' for 'POST' to 'http://localhost:12740/session/db756c82607839ee1aebe9454ce4d454/element'
13:06:01.215 [Forwarding findElement on session db756c82607839ee1aebe9454ce4d454 to remote] DEBUG org.asynchttpclient.netty.request.NettyRequestSender -- Using open Channel [id: 0x887c25fe, L:/127.0.0.1:65071 - R:localhost/127.0.0.1:12740] for POST '/session/db756c82607839ee1aebe9454ce4d454/element'
13:06:01.222 [AsyncHttpClient-1-2] DEBUG org.asynchttpclient.netty.handler.HttpHandler -- 

Request DefaultHttpRequest(decodeResult: success, version: HTTP/1.1)
POST /session/db756c82607839ee1aebe9454ce4d454/element HTTP/1.1
User-Agent: selenium/4.10.0 (java windows)
Content-Length: 53
Content-Type: application/json; charset=utf-8
host: localhost:12740
accept: */*

Response DefaultHttpResponse(decodeResult: success, version: HTTP/1.1)
HTTP/1.1 200 OK
Content-Length: 94
Content-Type: application/json; charset=utf-8
cache-control: no-cache

13:06:01.222 [AsyncHttpClient-1-2] DEBUG org.asynchttpclient.netty.channel.ChannelManager -- Adding key: http://localhost:12740 for channel [id: 0x887c25fe, L:/127.0.0.1:65071 - R:localhost/127.0.0.1:12740]
13:06:01.223 [Forwarding clearElement on session db756c82607839ee1aebe9454ce4d454 to remote] DEBUG org.asynchttpclient.netty.request.NettyRequestSender -- Using pooled Channel '[id: 0x887c25fe, L:/127.0.0.1:65071 - R:localhost/127.0.0.1:12740]' for 'POST' to 'http://localhost:12740/session/db756c82607839ee1aebe9454ce4d454/element/64852295632E7C229CCFCEFF2D8B861C_element_2/clear'
13:06:01.224 [Forwarding clearElement on session db756c82607839ee1aebe9454ce4d454 to remote] DEBUG org.asynchttpclient.netty.request.NettyRequestSender -- Using open Channel [id: 0x887c25fe, L:/127.0.0.1:65071 - R:localhost/127.0.0.1:12740] for POST '/session/db756c82607839ee1aebe9454ce4d454/element/64852295632E7C229CCFCEFF2D8B861C_element_2/clear'
13:06:01.238 [AsyncHttpClient-1-2] DEBUG org.asynchttpclient.netty.handler.HttpHandler -- 

Request DefaultHttpRequest(decodeResult: success, version: HTTP/1.1)
POST /session/db756c82607839ee1aebe9454ce4d454/element/64852295632E7C229CCFCEFF2D8B861C_element_2/clear HTTP/1.1
User-Agent: selenium/4.10.0 (java windows)
Content-Length: 56
Content-Type: application/json; charset=utf-8
host: localhost:12740
accept: */*

Response DefaultHttpResponse(decodeResult: success, version: HTTP/1.1)
HTTP/1.1 200 OK
Content-Length: 14
Content-Type: application/json; charset=utf-8
cache-control: no-cache

13:06:01.239 [AsyncHttpClient-1-2] DEBUG org.asynchttpclient.netty.channel.ChannelManager -- Adding key: http://localhost:12740 for channel [id: 0x887c25fe, L:/127.0.0.1:65071 - R:localhost/127.0.0.1:12740]
13:06:01.240 [Forwarding findElement on session db756c82607839ee1aebe9454ce4d454 to remote] DEBUG org.asynchttpclient.netty.request.NettyRequestSender -- Using pooled Channel '[id: 0x887c25fe, L:/127.0.0.1:65071 - R:localhost/127.0.0.1:12740]' for 'POST' to 'http://localhost:12740/session/db756c82607839ee1aebe9454ce4d454/element'
13:06:01.240 [Forwarding findElement on session db756c82607839ee1aebe9454ce4d454 to remote] DEBUG org.asynchttpclient.netty.request.NettyRequestSender -- Using open Channel [id: 0x887c25fe, L:/127.0.0.1:65071 - R:localhost/127.0.0.1:12740] for POST '/session/db756c82607839ee1aebe9454ce4d454/element'
13:06:01.244 [AsyncHttpClient-1-2] DEBUG org.asynchttpclient.netty.handler.HttpHandler -- 

Request DefaultHttpRequest(decodeResult: success, version: HTTP/1.1)
POST /session/db756c82607839ee1aebe9454ce4d454/element HTTP/1.1
User-Agent: selenium/4.10.0 (java windows)
Content-Length: 53
Content-Type: application/json; charset=utf-8
host: localhost:12740
accept: */*

Response DefaultHttpResponse(decodeResult: success, version: HTTP/1.1)
HTTP/1.1 200 OK
Content-Length: 94
Content-Type: application/json; charset=utf-8
cache-control: no-cache

13:06:01.245 [AsyncHttpClient-1-2] DEBUG org.asynchttpclient.netty.channel.ChannelManager -- Adding key: http://localhost:12740 for channel [id: 0x887c25fe, L:/127.0.0.1:65071 - R:localhost/127.0.0.1:12740]
13:06:01.246 [Forwarding sendKeysToElement on session db756c82607839ee1aebe9454ce4d454 to remote] DEBUG org.asynchttpclient.netty.request.NettyRequestSender -- Using pooled Channel '[id: 0x887c25fe, L:/127.0.0.1:65071 - R:localhost/127.0.0.1:12740]' for 'POST' to 'http://localhost:12740/session/db756c82607839ee1aebe9454ce4d454/element/64852295632E7C229CCFCEFF2D8B861C_element_2/value'
13:06:01.246 [Forwarding sendKeysToElement on session db756c82607839ee1aebe9454ce4d454 to remote] DEBUG org.asynchttpclient.netty.request.NettyRequestSender -- Using open Channel [id: 0x887c25fe, L:/127.0.0.1:65071 - R:localhost/127.0.0.1:12740] for POST '/session/db756c82607839ee1aebe9454ce4d454/element/64852295632E7C229CCFCEFF2D8B861C_element_2/value'
13:06:01.277 [AsyncHttpClient-1-2] DEBUG org.asynchttpclient.netty.handler.HttpHandler -- 

Request DefaultHttpRequest(decodeResult: success, version: HTTP/1.1)
POST /session/db756c82607839ee1aebe9454ce4d454/element/64852295632E7C229CCFCEFF2D8B861C_element_2/value HTTP/1.1
User-Agent: selenium/4.10.0 (java windows)
Content-Length: 257
Content-Type: application/json; charset=utf-8
host: localhost:12740
accept: */*

Response DefaultHttpResponse(decodeResult: success, version: HTTP/1.1)
HTTP/1.1 200 OK
Content-Length: 14
Content-Type: application/json; charset=utf-8
cache-control: no-cache

13:06:01.277 [AsyncHttpClient-1-2] DEBUG org.asynchttpclient.netty.channel.ChannelManager -- Adding key: http://localhost:12740 for channel [id: 0x887c25fe, L:/127.0.0.1:65071 - R:localhost/127.0.0.1:12740]
13:06:01.279 [Forwarding findElement on session db756c82607839ee1aebe9454ce4d454 to remote] DEBUG org.asynchttpclient.netty.request.NettyRequestSender -- Using pooled Channel '[id: 0x887c25fe, L:/127.0.0.1:65071 - R:localhost/127.0.0.1:12740]' for 'POST' to 'http://localhost:12740/session/db756c82607839ee1aebe9454ce4d454/element'
13:06:01.279 [Forwarding findElement on session db756c82607839ee1aebe9454ce4d454 to remote] DEBUG org.asynchttpclient.netty.request.NettyRequestSender -- Using open Channel [id: 0x887c25fe, L:/127.0.0.1:65071 - R:localhost/127.0.0.1:12740] for POST '/session/db756c82607839ee1aebe9454ce4d454/element'
13:06:01.286 [AsyncHttpClient-1-2] DEBUG org.asynchttpclient.netty.handler.HttpHandler -- 

Request DefaultHttpRequest(decodeResult: success, version: HTTP/1.1)
POST /session/db756c82607839ee1aebe9454ce4d454/element HTTP/1.1
User-Agent: selenium/4.10.0 (java windows)
Content-Length: 50
Content-Type: application/json; charset=utf-8
host: localhost:12740
accept: */*

Response DefaultHttpResponse(decodeResult: success, version: HTTP/1.1)
HTTP/1.1 200 OK
Content-Length: 95
Content-Type: application/json; charset=utf-8
cache-control: no-cache

13:06:01.286 [AsyncHttpClient-1-2] DEBUG org.asynchttpclient.netty.channel.ChannelManager -- Adding key: http://localhost:12740 for channel [id: 0x887c25fe, L:/127.0.0.1:65071 - R:localhost/127.0.0.1:12740]
13:06:01.288 [Forwarding clickElement on session db756c82607839ee1aebe9454ce4d454 to remote] DEBUG org.asynchttpclient.netty.request.NettyRequestSender -- Using pooled Channel '[id: 0x887c25fe, L:/127.0.0.1:65071 - R:localhost/127.0.0.1:12740]' for 'POST' to 'http://localhost:12740/session/db756c82607839ee1aebe9454ce4d454/element/64852295632E7C229CCFCEFF2D8B861C_element_31/click'
13:06:01.288 [Forwarding clickElement on session db756c82607839ee1aebe9454ce4d454 to remote] DEBUG org.asynchttpclient.netty.request.NettyRequestSender -- Using open Channel [id: 0x887c25fe, L:/127.0.0.1:65071 - R:localhost/127.0.0.1:12740] for POST '/session/db756c82607839ee1aebe9454ce4d454/element/64852295632E7C229CCFCEFF2D8B861C_element_31/click'
13:06:01.810 [AsyncHttpClient-1-1] DEBUG org.asynchttpclient.netty.channel.DefaultChannelPool -- Entry count for : http://localhost:65083 : 1
13:06:02.906 [AsyncHttpClient-1-1] DEBUG org.asynchttpclient.netty.channel.DefaultChannelPool -- Entry count for : http://localhost:65083 : 1
13:06:03.456 [AsyncHttpClient-1-2] DEBUG org.asynchttpclient.netty.handler.HttpHandler -- 

Request DefaultHttpRequest(decodeResult: success, version: HTTP/1.1)
POST /session/db756c82607839ee1aebe9454ce4d454/element/64852295632E7C229CCFCEFF2D8B861C_element_31/click HTTP/1.1
User-Agent: selenium/4.10.0 (java windows)
Content-Length: 57
Content-Type: application/json; charset=utf-8
host: localhost:12740
accept: */*

Response DefaultHttpResponse(decodeResult: success, version: HTTP/1.1)
HTTP/1.1 200 OK
Content-Length: 14
Content-Type: application/json; charset=utf-8
cache-control: no-cache

13:06:03.456 [AsyncHttpClient-1-2] DEBUG org.asynchttpclient.netty.channel.ChannelManager -- Adding key: http://localhost:12740 for channel [id: 0x887c25fe, L:/127.0.0.1:65071 - R:localhost/127.0.0.1:12740]
login transitie met succes uitgevoerd
13:06:03.462 [Forwarding findElement on session db756c82607839ee1aebe9454ce4d454 to remote] DEBUG org.asynchttpclient.netty.request.NettyRequestSender -- Using pooled Channel '[id: 0x887c25fe, L:/127.0.0.1:65071 - R:localhost/127.0.0.1:12740]' for 'POST' to 'http://localhost:12740/session/db756c82607839ee1aebe9454ce4d454/element'
13:06:03.462 [Forwarding findElement on session db756c82607839ee1aebe9454ce4d454 to remote] DEBUG org.asynchttpclient.netty.request.NettyRequestSender -- Using open Channel [id: 0x887c25fe, L:/127.0.0.1:65071 - R:localhost/127.0.0.1:12740] for POST '/session/db756c82607839ee1aebe9454ce4d454/element'
13:06:03.475 [AsyncHttpClient-1-2] DEBUG org.asynchttpclient.netty.handler.HttpHandler -- 

Request DefaultHttpRequest(decodeResult: success, version: HTTP/1.1)
POST /session/db756c82607839ee1aebe9454ce4d454/element HTTP/1.1
User-Agent: selenium/4.10.0 (java windows)
Content-Length: 58
Content-Type: application/json; charset=utf-8
host: localhost:12740
accept: */*

Response DefaultHttpResponse(decodeResult: success, version: HTTP/1.1)
HTTP/1.1 200 OK
Content-Length: 95
Content-Type: application/json; charset=utf-8
cache-control: no-cache

13:06:03.475 [AsyncHttpClient-1-2] DEBUG org.asynchttpclient.netty.channel.ChannelManager -- Adding key: http://localhost:12740 for channel [id: 0x887c25fe, L:/127.0.0.1:65071 - R:localhost/127.0.0.1:12740]
13:06:03.484 [Forwarding getElementAttribute on session db756c82607839ee1aebe9454ce4d454 to remote] DEBUG org.asynchttpclient.netty.request.NettyRequestSender -- Using pooled Channel '[id: 0x887c25fe, L:/127.0.0.1:65071 - R:localhost/127.0.0.1:12740]' for 'POST' to 'http://localhost:12740/session/db756c82607839ee1aebe9454ce4d454/execute/sync'
13:06:03.484 [Forwarding getElementAttribute on session db756c82607839ee1aebe9454ce4d454 to remote] DEBUG org.asynchttpclient.netty.request.NettyRequestSender -- Using open Channel [id: 0x887c25fe, L:/127.0.0.1:65071 - R:localhost/127.0.0.1:12740] for POST '/session/db756c82607839ee1aebe9454ce4d454/execute/sync'
13:06:03.494 [AsyncHttpClient-1-2] DEBUG org.asynchttpclient.netty.handler.HttpHandler -- 

Request DefaultHttpRequest(decodeResult: success, version: HTTP/1.1)
POST /session/db756c82607839ee1aebe9454ce4d454/execute/sync HTTP/1.1
User-Agent: selenium/4.10.0 (java windows)
Content-Length: 47375
Content-Type: application/json; charset=utf-8
host: localhost:12740
accept: */*

Response DefaultHttpResponse(decodeResult: success, version: HTTP/1.1)
HTTP/1.1 200 OK
Content-Length: 28
Content-Type: application/json; charset=utf-8
cache-control: no-cache

13:06:03.494 [AsyncHttpClient-1-2] DEBUG org.asynchttpclient.netty.channel.ChannelManager -- Adding key: http://localhost:12740 for channel [id: 0x887c25fe, L:/127.0.0.1:65071 - R:localhost/127.0.0.1:12740]
13:06:03.495 [Forwarding findElement on session db756c82607839ee1aebe9454ce4d454 to remote] DEBUG org.asynchttpclient.netty.request.NettyRequestSender -- Using pooled Channel '[id: 0x887c25fe, L:/127.0.0.1:65071 - R:localhost/127.0.0.1:12740]' for 'POST' to 'http://localhost:12740/session/db756c82607839ee1aebe9454ce4d454/element'
13:06:03.495 [Forwarding findElement on session db756c82607839ee1aebe9454ce4d454 to remote] DEBUG org.asynchttpclient.netty.request.NettyRequestSender -- Using open Channel [id: 0x887c25fe, L:/127.0.0.1:65071 - R:localhost/127.0.0.1:12740] for POST '/session/db756c82607839ee1aebe9454ce4d454/element'
13:06:03.502 [AsyncHttpClient-1-2] DEBUG org.asynchttpclient.netty.handler.HttpHandler -- 

Request DefaultHttpRequest(decodeResult: success, version: HTTP/1.1)
POST /session/db756c82607839ee1aebe9454ce4d454/element HTTP/1.1
User-Agent: selenium/4.10.0 (java windows)
Content-Length: 53
Content-Type: application/json; charset=utf-8
host: localhost:12740
accept: */*

Response DefaultHttpResponse(decodeResult: success, version: HTTP/1.1)
HTTP/1.1 200 OK
Content-Length: 95
Content-Type: application/json; charset=utf-8
cache-control: no-cache

13:06:03.502 [AsyncHttpClient-1-2] DEBUG org.asynchttpclient.netty.channel.ChannelManager -- Adding key: http://localhost:12740 for channel [id: 0x887c25fe, L:/127.0.0.1:65071 - R:localhost/127.0.0.1:12740]
13:06:03.503 [Forwarding getTitle on session db756c82607839ee1aebe9454ce4d454 to remote] DEBUG org.asynchttpclient.netty.request.NettyRequestSender -- Using pooled Channel '[id: 0x887c25fe, L:/127.0.0.1:65071 - R:localhost/127.0.0.1:12740]' for 'GET' to 'http://localhost:12740/session/db756c82607839ee1aebe9454ce4d454/title'
13:06:03.503 [Forwarding getTitle on session db756c82607839ee1aebe9454ce4d454 to remote] DEBUG org.asynchttpclient.netty.request.NettyRequestSender -- Using open Channel [id: 0x887c25fe, L:/127.0.0.1:65071 - R:localhost/127.0.0.1:12740] for GET '/session/db756c82607839ee1aebe9454ce4d454/title'
13:06:03.505 [AsyncHttpClient-1-2] DEBUG org.asynchttpclient.netty.handler.HttpHandler -- 

Request DefaultFullHttpRequest(decodeResult: success, version: HTTP/1.1, content: EmptyByteBufBE)
GET /session/db756c82607839ee1aebe9454ce4d454/title HTTP/1.1
User-Agent: selenium/4.10.0 (java windows)
Cache-Control: no-cache
Content-Type: application/json; charset=utf-8
host: localhost:12740
accept: */*

Response DefaultHttpResponse(decodeResult: success, version: HTTP/1.1)
HTTP/1.1 200 OK
Content-Length: 38
Content-Type: application/json; charset=utf-8
cache-control: no-cache

13:06:03.505 [AsyncHttpClient-1-2] DEBUG org.asynchttpclient.netty.channel.ChannelManager -- Adding key: http://localhost:12740 for channel [id: 0x887c25fe, L:/127.0.0.1:65071 - R:localhost/127.0.0.1:12740]
controle SearchPage met succes uitgevoerd
13:06:03.506 [Forwarding findElement on session db756c82607839ee1aebe9454ce4d454 to remote] DEBUG org.asynchttpclient.netty.request.NettyRequestSender -- Using pooled Channel '[id: 0x887c25fe, L:/127.0.0.1:65071 - R:localhost/127.0.0.1:12740]' for 'POST' to 'http://localhost:12740/session/db756c82607839ee1aebe9454ce4d454/element'
13:06:03.506 [Forwarding findElement on session db756c82607839ee1aebe9454ce4d454 to remote] DEBUG org.asynchttpclient.netty.request.NettyRequestSender -- Using open Channel [id: 0x887c25fe, L:/127.0.0.1:65071 - R:localhost/127.0.0.1:12740] for POST '/session/db756c82607839ee1aebe9454ce4d454/element'
13:06:03.510 [AsyncHttpClient-1-2] DEBUG org.asynchttpclient.netty.handler.HttpHandler -- 

Request DefaultHttpRequest(decodeResult: success, version: HTTP/1.1)
POST /session/db756c82607839ee1aebe9454ce4d454/element HTTP/1.1
User-Agent: selenium/4.10.0 (java windows)
Content-Length: 58
Content-Type: application/json; charset=utf-8
host: localhost:12740
accept: */*

Response DefaultHttpResponse(decodeResult: success, version: HTTP/1.1)
HTTP/1.1 200 OK
Content-Length: 95
Content-Type: application/json; charset=utf-8
cache-control: no-cache

13:06:03.510 [AsyncHttpClient-1-2] DEBUG org.asynchttpclient.netty.channel.ChannelManager -- Adding key: http://localhost:12740 for channel [id: 0x887c25fe, L:/127.0.0.1:65071 - R:localhost/127.0.0.1:12740]
13:06:03.513 [Forwarding getElementAttribute on session db756c82607839ee1aebe9454ce4d454 to remote] DEBUG org.asynchttpclient.netty.request.NettyRequestSender -- Using pooled Channel '[id: 0x887c25fe, L:/127.0.0.1:65071 - R:localhost/127.0.0.1:12740]' for 'POST' to 'http://localhost:12740/session/db756c82607839ee1aebe9454ce4d454/execute/sync'
13:06:03.513 [Forwarding getElementAttribute on session db756c82607839ee1aebe9454ce4d454 to remote] DEBUG org.asynchttpclient.netty.request.NettyRequestSender -- Using open Channel [id: 0x887c25fe, L:/127.0.0.1:65071 - R:localhost/127.0.0.1:12740] for POST '/session/db756c82607839ee1aebe9454ce4d454/execute/sync'
13:06:03.522 [AsyncHttpClient-1-2] DEBUG org.asynchttpclient.netty.handler.HttpHandler -- 

Request DefaultHttpRequest(decodeResult: success, version: HTTP/1.1)
POST /session/db756c82607839ee1aebe9454ce4d454/execute/sync HTTP/1.1
User-Agent: selenium/4.10.0 (java windows)
Content-Length: 47375
Content-Type: application/json; charset=utf-8
host: localhost:12740
accept: */*

Response DefaultHttpResponse(decodeResult: success, version: HTTP/1.1)
HTTP/1.1 200 OK
Content-Length: 28
Content-Type: application/json; charset=utf-8
cache-control: no-cache

13:06:03.522 [AsyncHttpClient-1-2] DEBUG org.asynchttpclient.netty.channel.ChannelManager -- Adding key: http://localhost:12740 for channel [id: 0x887c25fe, L:/127.0.0.1:65071 - R:localhost/127.0.0.1:12740]
13:06:03.523 [Forwarding findElement on session db756c82607839ee1aebe9454ce4d454 to remote] DEBUG org.asynchttpclient.netty.request.NettyRequestSender -- Using pooled Channel '[id: 0x887c25fe, L:/127.0.0.1:65071 - R:localhost/127.0.0.1:12740]' for 'POST' to 'http://localhost:12740/session/db756c82607839ee1aebe9454ce4d454/element'
13:06:03.523 [Forwarding findElement on session db756c82607839ee1aebe9454ce4d454 to remote] DEBUG org.asynchttpclient.netty.request.NettyRequestSender -- Using open Channel [id: 0x887c25fe, L:/127.0.0.1:65071 - R:localhost/127.0.0.1:12740] for POST '/session/db756c82607839ee1aebe9454ce4d454/element'
13:06:03.528 [AsyncHttpClient-1-2] DEBUG org.asynchttpclient.netty.handler.HttpHandler -- 

Request DefaultHttpRequest(decodeResult: success, version: HTTP/1.1)
POST /session/db756c82607839ee1aebe9454ce4d454/element HTTP/1.1
User-Agent: selenium/4.10.0 (java windows)
Content-Length: 53
Content-Type: application/json; charset=utf-8
host: localhost:12740
accept: */*

Response DefaultHttpResponse(decodeResult: success, version: HTTP/1.1)
HTTP/1.1 200 OK
Content-Length: 95
Content-Type: application/json; charset=utf-8
cache-control: no-cache

13:06:03.528 [AsyncHttpClient-1-2] DEBUG org.asynchttpclient.netty.channel.ChannelManager -- Adding key: http://localhost:12740 for channel [id: 0x887c25fe, L:/127.0.0.1:65071 - R:localhost/127.0.0.1:12740]
13:06:03.528 [Forwarding getTitle on session db756c82607839ee1aebe9454ce4d454 to remote] DEBUG org.asynchttpclient.netty.request.NettyRequestSender -- Using pooled Channel '[id: 0x887c25fe, L:/127.0.0.1:65071 - R:localhost/127.0.0.1:12740]' for 'GET' to 'http://localhost:12740/session/db756c82607839ee1aebe9454ce4d454/title'
13:06:03.528 [Forwarding getTitle on session db756c82607839ee1aebe9454ce4d454 to remote] DEBUG org.asynchttpclient.netty.request.NettyRequestSender -- Using open Channel [id: 0x887c25fe, L:/127.0.0.1:65071 - R:localhost/127.0.0.1:12740] for GET '/session/db756c82607839ee1aebe9454ce4d454/title'
13:06:03.531 [AsyncHttpClient-1-2] DEBUG org.asynchttpclient.netty.handler.HttpHandler -- 

Request DefaultFullHttpRequest(decodeResult: success, version: HTTP/1.1, content: EmptyByteBufBE)
GET /session/db756c82607839ee1aebe9454ce4d454/title HTTP/1.1
User-Agent: selenium/4.10.0 (java windows)
Cache-Control: no-cache
Content-Type: application/json; charset=utf-8
host: localhost:12740
accept: */*

Response DefaultHttpResponse(decodeResult: success, version: HTTP/1.1)
HTTP/1.1 200 OK
Content-Length: 38
Content-Type: application/json; charset=utf-8
cache-control: no-cache

13:06:03.531 [AsyncHttpClient-1-2] DEBUG org.asynchttpclient.netty.channel.ChannelManager -- Adding key: http://localhost:12740 for channel [id: 0x887c25fe, L:/127.0.0.1:65071 - R:localhost/127.0.0.1:12740]
controle SearchPage met succes uitgevoerd
13:06:03.535 [Forwarding findElement on session db756c82607839ee1aebe9454ce4d454 to remote] DEBUG org.asynchttpclient.netty.request.NettyRequestSender -- Using pooled Channel '[id: 0x887c25fe, L:/127.0.0.1:65071 - R:localhost/127.0.0.1:12740]' for 'POST' to 'http://localhost:12740/session/db756c82607839ee1aebe9454ce4d454/element'
13:06:03.535 [Forwarding findElement on session db756c82607839ee1aebe9454ce4d454 to remote] DEBUG org.asynchttpclient.netty.request.NettyRequestSender -- Using open Channel [id: 0x887c25fe, L:/127.0.0.1:65071 - R:localhost/127.0.0.1:12740] for POST '/session/db756c82607839ee1aebe9454ce4d454/element'
13:06:03.539 [AsyncHttpClient-1-2] DEBUG org.asynchttpclient.netty.handler.HttpHandler -- 

Request DefaultHttpRequest(decodeResult: success, version: HTTP/1.1)
POST /session/db756c82607839ee1aebe9454ce4d454/element HTTP/1.1
User-Agent: selenium/4.10.0 (java windows)
Content-Length: 53
Content-Type: application/json; charset=utf-8
host: localhost:12740
accept: */*

Response DefaultHttpResponse(decodeResult: success, version: HTTP/1.1)
HTTP/1.1 200 OK
Content-Length: 95
Content-Type: application/json; charset=utf-8
cache-control: no-cache

13:06:03.540 [AsyncHttpClient-1-2] DEBUG org.asynchttpclient.netty.channel.ChannelManager -- Adding key: http://localhost:12740 for channel [id: 0x887c25fe, L:/127.0.0.1:65071 - R:localhost/127.0.0.1:12740]
13:06:03.540 [Forwarding getElementTagName on session db756c82607839ee1aebe9454ce4d454 to remote] DEBUG org.asynchttpclient.netty.request.NettyRequestSender -- Using pooled Channel '[id: 0x887c25fe, L:/127.0.0.1:65071 - R:localhost/127.0.0.1:12740]' for 'GET' to 'http://localhost:12740/session/db756c82607839ee1aebe9454ce4d454/element/4D659CCE43662C88843FF45985DAF69B_element_41/name'
13:06:03.540 [Forwarding getElementTagName on session db756c82607839ee1aebe9454ce4d454 to remote] DEBUG org.asynchttpclient.netty.request.NettyRequestSender -- Using open Channel [id: 0x887c25fe, L:/127.0.0.1:65071 - R:localhost/127.0.0.1:12740] for GET '/session/db756c82607839ee1aebe9454ce4d454/element/4D659CCE43662C88843FF45985DAF69B_element_41/name'
13:06:03.543 [AsyncHttpClient-1-2] DEBUG org.asynchttpclient.netty.handler.HttpHandler -- 

Request DefaultFullHttpRequest(decodeResult: success, version: HTTP/1.1, content: EmptyByteBufBE)
GET /session/db756c82607839ee1aebe9454ce4d454/element/4D659CCE43662C88843FF45985DAF69B_element_41/name HTTP/1.1
User-Agent: selenium/4.10.0 (java windows)
Cache-Control: no-cache
Content-Type: application/json; charset=utf-8
host: localhost:12740
accept: */*

Response DefaultHttpResponse(decodeResult: success, version: HTTP/1.1)
HTTP/1.1 200 OK
Content-Length: 18
Content-Type: application/json; charset=utf-8
cache-control: no-cache

13:06:03.543 [AsyncHttpClient-1-2] DEBUG org.asynchttpclient.netty.channel.ChannelManager -- Adding key: http://localhost:12740 for channel [id: 0x887c25fe, L:/127.0.0.1:65071 - R:localhost/127.0.0.1:12740]
13:06:03.544 [Forwarding getElementDomAttribute on session db756c82607839ee1aebe9454ce4d454 to remote] DEBUG org.asynchttpclient.netty.request.NettyRequestSender -- Using pooled Channel '[id: 0x887c25fe, L:/127.0.0.1:65071 - R:localhost/127.0.0.1:12740]' for 'GET' to 'http://localhost:12740/session/db756c82607839ee1aebe9454ce4d454/element/4D659CCE43662C88843FF45985DAF69B_element_41/attribute/multiple'
13:06:03.544 [Forwarding getElementDomAttribute on session db756c82607839ee1aebe9454ce4d454 to remote] DEBUG org.asynchttpclient.netty.request.NettyRequestSender -- Using open Channel [id: 0x887c25fe, L:/127.0.0.1:65071 - R:localhost/127.0.0.1:12740] for GET '/session/db756c82607839ee1aebe9454ce4d454/element/4D659CCE43662C88843FF45985DAF69B_element_41/attribute/multiple'
13:06:03.547 [AsyncHttpClient-1-2] DEBUG org.asynchttpclient.netty.handler.HttpHandler -- 

Request DefaultFullHttpRequest(decodeResult: success, version: HTTP/1.1, content: EmptyByteBufBE)
GET /session/db756c82607839ee1aebe9454ce4d454/element/4D659CCE43662C88843FF45985DAF69B_element_41/attribute/multiple HTTP/1.1
User-Agent: selenium/4.10.0 (java windows)
Cache-Control: no-cache
Content-Type: application/json; charset=utf-8
host: localhost:12740
accept: */*

Response DefaultHttpResponse(decodeResult: success, version: HTTP/1.1)
HTTP/1.1 200 OK
Content-Length: 14
Content-Type: application/json; charset=utf-8
cache-control: no-cache

13:06:03.547 [AsyncHttpClient-1-2] DEBUG org.asynchttpclient.netty.channel.ChannelManager -- Adding key: http://localhost:12740 for channel [id: 0x887c25fe, L:/127.0.0.1:65071 - R:localhost/127.0.0.1:12740]
13:06:03.547 [Forwarding isElementEnabled on session db756c82607839ee1aebe9454ce4d454 to remote] DEBUG org.asynchttpclient.netty.request.NettyRequestSender -- Using pooled Channel '[id: 0x887c25fe, L:/127.0.0.1:65071 - R:localhost/127.0.0.1:12740]' for 'GET' to 'http://localhost:12740/session/db756c82607839ee1aebe9454ce4d454/element/4D659CCE43662C88843FF45985DAF69B_element_41/enabled'
13:06:03.547 [Forwarding isElementEnabled on session db756c82607839ee1aebe9454ce4d454 to remote] DEBUG org.asynchttpclient.netty.request.NettyRequestSender -- Using open Channel [id: 0x887c25fe, L:/127.0.0.1:65071 - R:localhost/127.0.0.1:12740] for GET '/session/db756c82607839ee1aebe9454ce4d454/element/4D659CCE43662C88843FF45985DAF69B_element_41/enabled'
13:06:03.552 [AsyncHttpClient-1-2] DEBUG org.asynchttpclient.netty.handler.HttpHandler -- 

Request DefaultFullHttpRequest(decodeResult: success, version: HTTP/1.1, content: EmptyByteBufBE)
GET /session/db756c82607839ee1aebe9454ce4d454/element/4D659CCE43662C88843FF45985DAF69B_element_41/enabled HTTP/1.1
User-Agent: selenium/4.10.0 (java windows)
Cache-Control: no-cache
Content-Type: application/json; charset=utf-8
host: localhost:12740
accept: */*

Response DefaultHttpResponse(decodeResult: success, version: HTTP/1.1)
HTTP/1.1 200 OK
Content-Length: 14
Content-Type: application/json; charset=utf-8
cache-control: no-cache

13:06:03.553 [AsyncHttpClient-1-2] DEBUG org.asynchttpclient.netty.channel.ChannelManager -- Adding key: http://localhost:12740 for channel [id: 0x887c25fe, L:/127.0.0.1:65071 - R:localhost/127.0.0.1:12740]
13:06:03.554 [Forwarding findChildElements on session db756c82607839ee1aebe9454ce4d454 to remote] DEBUG org.asynchttpclient.netty.request.NettyRequestSender -- Using pooled Channel '[id: 0x887c25fe, L:/127.0.0.1:65071 - R:localhost/127.0.0.1:12740]' for 'POST' to 'http://localhost:12740/session/db756c82607839ee1aebe9454ce4d454/element/4D659CCE43662C88843FF45985DAF69B_element_41/elements'
13:06:03.554 [Forwarding findChildElements on session db756c82607839ee1aebe9454ce4d454 to remote] DEBUG org.asynchttpclient.netty.request.NettyRequestSender -- Using open Channel [id: 0x887c25fe, L:/127.0.0.1:65071 - R:localhost/127.0.0.1:12740] for POST '/session/db756c82607839ee1aebe9454ce4d454/element/4D659CCE43662C88843FF45985DAF69B_element_41/elements'
13:06:03.562 [AsyncHttpClient-1-2] DEBUG org.asynchttpclient.netty.handler.HttpHandler -- 

Request DefaultHttpRequest(decodeResult: success, version: HTTP/1.1)
POST /session/db756c82607839ee1aebe9454ce4d454/element/4D659CCE43662C88843FF45985DAF69B_element_41/elements HTTP/1.1
User-Agent: selenium/4.10.0 (java windows)
Content-Length: 132
Content-Type: application/json; charset=utf-8
host: localhost:12740
accept: */*

Response DefaultHttpResponse(decodeResult: success, version: HTTP/1.1)
HTTP/1.1 200 OK
Content-Length: 97
Content-Type: application/json; charset=utf-8
cache-control: no-cache

13:06:03.562 [AsyncHttpClient-1-2] DEBUG org.asynchttpclient.netty.channel.ChannelManager -- Adding key: http://localhost:12740 for channel [id: 0x887c25fe, L:/127.0.0.1:65071 - R:localhost/127.0.0.1:12740]
13:06:03.565 [Forwarding isElementEnabled on session db756c82607839ee1aebe9454ce4d454 to remote] DEBUG org.asynchttpclient.netty.request.NettyRequestSender -- Using pooled Channel '[id: 0x887c25fe, L:/127.0.0.1:65071 - R:localhost/127.0.0.1:12740]' for 'GET' to 'http://localhost:12740/session/db756c82607839ee1aebe9454ce4d454/element/4D659CCE43662C88843FF45985DAF69B_element_42/enabled'
13:06:03.565 [Forwarding isElementEnabled on session db756c82607839ee1aebe9454ce4d454 to remote] DEBUG org.asynchttpclient.netty.request.NettyRequestSender -- Using open Channel [id: 0x887c25fe, L:/127.0.0.1:65071 - R:localhost/127.0.0.1:12740] for GET '/session/db756c82607839ee1aebe9454ce4d454/element/4D659CCE43662C88843FF45985DAF69B_element_42/enabled'
13:06:03.569 [AsyncHttpClient-1-2] DEBUG org.asynchttpclient.netty.handler.HttpHandler -- 

Request DefaultFullHttpRequest(decodeResult: success, version: HTTP/1.1, content: EmptyByteBufBE)
GET /session/db756c82607839ee1aebe9454ce4d454/element/4D659CCE43662C88843FF45985DAF69B_element_42/enabled HTTP/1.1
User-Agent: selenium/4.10.0 (java windows)
Cache-Control: no-cache
Content-Type: application/json; charset=utf-8
host: localhost:12740
accept: */*

Response DefaultHttpResponse(decodeResult: success, version: HTTP/1.1)
HTTP/1.1 200 OK
Content-Length: 14
Content-Type: application/json; charset=utf-8
cache-control: no-cache

13:06:03.569 [AsyncHttpClient-1-2] DEBUG org.asynchttpclient.netty.channel.ChannelManager -- Adding key: http://localhost:12740 for channel [id: 0x887c25fe, L:/127.0.0.1:65071 - R:localhost/127.0.0.1:12740]
13:06:03.570 [Forwarding isElementSelected on session db756c82607839ee1aebe9454ce4d454 to remote] DEBUG org.asynchttpclient.netty.request.NettyRequestSender -- Using pooled Channel '[id: 0x887c25fe, L:/127.0.0.1:65071 - R:localhost/127.0.0.1:12740]' for 'GET' to 'http://localhost:12740/session/db756c82607839ee1aebe9454ce4d454/element/4D659CCE43662C88843FF45985DAF69B_element_42/selected'
13:06:03.570 [Forwarding isElementSelected on session db756c82607839ee1aebe9454ce4d454 to remote] DEBUG org.asynchttpclient.netty.request.NettyRequestSender -- Using open Channel [id: 0x887c25fe, L:/127.0.0.1:65071 - R:localhost/127.0.0.1:12740] for GET '/session/db756c82607839ee1aebe9454ce4d454/element/4D659CCE43662C88843FF45985DAF69B_element_42/selected'
13:06:03.575 [AsyncHttpClient-1-2] DEBUG org.asynchttpclient.netty.handler.HttpHandler -- 

Request DefaultFullHttpRequest(decodeResult: success, version: HTTP/1.1, content: EmptyByteBufBE)
GET /session/db756c82607839ee1aebe9454ce4d454/element/4D659CCE43662C88843FF45985DAF69B_element_42/selected HTTP/1.1
User-Agent: selenium/4.10.0 (java windows)
Cache-Control: no-cache
Content-Type: application/json; charset=utf-8
host: localhost:12740
accept: */*

Response DefaultHttpResponse(decodeResult: success, version: HTTP/1.1)
HTTP/1.1 200 OK
Content-Length: 15
Content-Type: application/json; charset=utf-8
cache-control: no-cache

13:06:03.575 [AsyncHttpClient-1-2] DEBUG org.asynchttpclient.netty.channel.ChannelManager -- Adding key: http://localhost:12740 for channel [id: 0x887c25fe, L:/127.0.0.1:65071 - R:localhost/127.0.0.1:12740]
13:06:03.576 [Forwarding clickElement on session db756c82607839ee1aebe9454ce4d454 to remote] DEBUG org.asynchttpclient.netty.request.NettyRequestSender -- Using pooled Channel '[id: 0x887c25fe, L:/127.0.0.1:65071 - R:localhost/127.0.0.1:12740]' for 'POST' to 'http://localhost:12740/session/db756c82607839ee1aebe9454ce4d454/element/4D659CCE43662C88843FF45985DAF69B_element_42/click'
13:06:03.576 [Forwarding clickElement on session db756c82607839ee1aebe9454ce4d454 to remote] DEBUG org.asynchttpclient.netty.request.NettyRequestSender -- Using open Channel [id: 0x887c25fe, L:/127.0.0.1:65071 - R:localhost/127.0.0.1:12740] for POST '/session/db756c82607839ee1aebe9454ce4d454/element/4D659CCE43662C88843FF45985DAF69B_element_42/click'
13:06:03.589 [AsyncHttpClient-1-2] DEBUG org.asynchttpclient.netty.handler.HttpHandler -- 

Request DefaultHttpRequest(decodeResult: success, version: HTTP/1.1)
POST /session/db756c82607839ee1aebe9454ce4d454/element/4D659CCE43662C88843FF45985DAF69B_element_42/click HTTP/1.1
User-Agent: selenium/4.10.0 (java windows)
Content-Length: 57
Content-Type: application/json; charset=utf-8
host: localhost:12740
accept: */*

Response DefaultHttpResponse(decodeResult: success, version: HTTP/1.1)
HTTP/1.1 200 OK
Content-Length: 14
Content-Type: application/json; charset=utf-8
cache-control: no-cache

13:06:03.590 [AsyncHttpClient-1-2] DEBUG org.asynchttpclient.netty.channel.ChannelManager -- Adding key: http://localhost:12740 for channel [id: 0x887c25fe, L:/127.0.0.1:65071 - R:localhost/127.0.0.1:12740]
13:06:03.592 [Forwarding findElement on session db756c82607839ee1aebe9454ce4d454 to remote] DEBUG org.asynchttpclient.netty.request.NettyRequestSender -- Using pooled Channel '[id: 0x887c25fe, L:/127.0.0.1:65071 - R:localhost/127.0.0.1:12740]' for 'POST' to 'http://localhost:12740/session/db756c82607839ee1aebe9454ce4d454/element'
13:06:03.592 [Forwarding findElement on session db756c82607839ee1aebe9454ce4d454 to remote] DEBUG org.asynchttpclient.netty.request.NettyRequestSender -- Using open Channel [id: 0x887c25fe, L:/127.0.0.1:65071 - R:localhost/127.0.0.1:12740] for POST '/session/db756c82607839ee1aebe9454ce4d454/element'
13:06:03.598 [AsyncHttpClient-1-2] DEBUG org.asynchttpclient.netty.handler.HttpHandler -- 

Request DefaultHttpRequest(decodeResult: success, version: HTTP/1.1)
POST /session/db756c82607839ee1aebe9454ce4d454/element HTTP/1.1
User-Agent: selenium/4.10.0 (java windows)
Content-Length: 53
Content-Type: application/json; charset=utf-8
host: localhost:12740
accept: */*

Response DefaultHttpResponse(decodeResult: success, version: HTTP/1.1)
HTTP/1.1 200 OK
Content-Length: 95
Content-Type: application/json; charset=utf-8
cache-control: no-cache

13:06:03.598 [AsyncHttpClient-1-2] DEBUG org.asynchttpclient.netty.channel.ChannelManager -- Adding key: http://localhost:12740 for channel [id: 0x887c25fe, L:/127.0.0.1:65071 - R:localhost/127.0.0.1:12740]
13:06:03.599 [Forwarding getElementTagName on session db756c82607839ee1aebe9454ce4d454 to remote] DEBUG org.asynchttpclient.netty.request.NettyRequestSender -- Using pooled Channel '[id: 0x887c25fe, L:/127.0.0.1:65071 - R:localhost/127.0.0.1:12740]' for 'GET' to 'http://localhost:12740/session/db756c82607839ee1aebe9454ce4d454/element/4D659CCE43662C88843FF45985DAF69B_element_43/name'
13:06:03.599 [Forwarding getElementTagName on session db756c82607839ee1aebe9454ce4d454 to remote] DEBUG org.asynchttpclient.netty.request.NettyRequestSender -- Using open Channel [id: 0x887c25fe, L:/127.0.0.1:65071 - R:localhost/127.0.0.1:12740] for GET '/session/db756c82607839ee1aebe9454ce4d454/element/4D659CCE43662C88843FF45985DAF69B_element_43/name'
13:06:03.602 [AsyncHttpClient-1-2] DEBUG org.asynchttpclient.netty.handler.HttpHandler -- 

Request DefaultFullHttpRequest(decodeResult: success, version: HTTP/1.1, content: EmptyByteBufBE)
GET /session/db756c82607839ee1aebe9454ce4d454/element/4D659CCE43662C88843FF45985DAF69B_element_43/name HTTP/1.1
User-Agent: selenium/4.10.0 (java windows)
Cache-Control: no-cache
Content-Type: application/json; charset=utf-8
host: localhost:12740
accept: */*

Response DefaultHttpResponse(decodeResult: success, version: HTTP/1.1)
HTTP/1.1 200 OK
Content-Length: 18
Content-Type: application/json; charset=utf-8
cache-control: no-cache

13:06:03.602 [AsyncHttpClient-1-2] DEBUG org.asynchttpclient.netty.channel.ChannelManager -- Adding key: http://localhost:12740 for channel [id: 0x887c25fe, L:/127.0.0.1:65071 - R:localhost/127.0.0.1:12740]
13:06:03.602 [Forwarding getElementDomAttribute on session db756c82607839ee1aebe9454ce4d454 to remote] DEBUG org.asynchttpclient.netty.request.NettyRequestSender -- Using pooled Channel '[id: 0x887c25fe, L:/127.0.0.1:65071 - R:localhost/127.0.0.1:12740]' for 'GET' to 'http://localhost:12740/session/db756c82607839ee1aebe9454ce4d454/element/4D659CCE43662C88843FF45985DAF69B_element_43/attribute/multiple'
13:06:03.602 [Forwarding getElementDomAttribute on session db756c82607839ee1aebe9454ce4d454 to remote] DEBUG org.asynchttpclient.netty.request.NettyRequestSender -- Using open Channel [id: 0x887c25fe, L:/127.0.0.1:65071 - R:localhost/127.0.0.1:12740] for GET '/session/db756c82607839ee1aebe9454ce4d454/element/4D659CCE43662C88843FF45985DAF69B_element_43/attribute/multiple'
13:06:03.606 [AsyncHttpClient-1-2] DEBUG org.asynchttpclient.netty.handler.HttpHandler -- 

Request DefaultFullHttpRequest(decodeResult: success, version: HTTP/1.1, content: EmptyByteBufBE)
GET /session/db756c82607839ee1aebe9454ce4d454/element/4D659CCE43662C88843FF45985DAF69B_element_43/attribute/multiple HTTP/1.1
User-Agent: selenium/4.10.0 (java windows)
Cache-Control: no-cache
Content-Type: application/json; charset=utf-8
host: localhost:12740
accept: */*

Response DefaultHttpResponse(decodeResult: success, version: HTTP/1.1)
HTTP/1.1 200 OK
Content-Length: 14
Content-Type: application/json; charset=utf-8
cache-control: no-cache

13:06:03.607 [AsyncHttpClient-1-2] DEBUG org.asynchttpclient.netty.channel.ChannelManager -- Adding key: http://localhost:12740 for channel [id: 0x887c25fe, L:/127.0.0.1:65071 - R:localhost/127.0.0.1:12740]
13:06:03.607 [Forwarding isElementEnabled on session db756c82607839ee1aebe9454ce4d454 to remote] DEBUG org.asynchttpclient.netty.request.NettyRequestSender -- Using pooled Channel '[id: 0x887c25fe, L:/127.0.0.1:65071 - R:localhost/127.0.0.1:12740]' for 'GET' to 'http://localhost:12740/session/db756c82607839ee1aebe9454ce4d454/element/4D659CCE43662C88843FF45985DAF69B_element_43/enabled'
13:06:03.607 [Forwarding isElementEnabled on session db756c82607839ee1aebe9454ce4d454 to remote] DEBUG org.asynchttpclient.netty.request.NettyRequestSender -- Using open Channel [id: 0x887c25fe, L:/127.0.0.1:65071 - R:localhost/127.0.0.1:12740] for GET '/session/db756c82607839ee1aebe9454ce4d454/element/4D659CCE43662C88843FF45985DAF69B_element_43/enabled'
13:06:03.611 [AsyncHttpClient-1-2] DEBUG org.asynchttpclient.netty.handler.HttpHandler -- 

Request DefaultFullHttpRequest(decodeResult: success, version: HTTP/1.1, content: EmptyByteBufBE)
GET /session/db756c82607839ee1aebe9454ce4d454/element/4D659CCE43662C88843FF45985DAF69B_element_43/enabled HTTP/1.1
User-Agent: selenium/4.10.0 (java windows)
Cache-Control: no-cache
Content-Type: application/json; charset=utf-8
host: localhost:12740
accept: */*

Response DefaultHttpResponse(decodeResult: success, version: HTTP/1.1)
HTTP/1.1 200 OK
Content-Length: 14
Content-Type: application/json; charset=utf-8
cache-control: no-cache

13:06:03.611 [AsyncHttpClient-1-2] DEBUG org.asynchttpclient.netty.channel.ChannelManager -- Adding key: http://localhost:12740 for channel [id: 0x887c25fe, L:/127.0.0.1:65071 - R:localhost/127.0.0.1:12740]
13:06:03.612 [Forwarding findChildElements on session db756c82607839ee1aebe9454ce4d454 to remote] DEBUG org.asynchttpclient.netty.request.NettyRequestSender -- Using pooled Channel '[id: 0x887c25fe, L:/127.0.0.1:65071 - R:localhost/127.0.0.1:12740]' for 'POST' to 'http://localhost:12740/session/db756c82607839ee1aebe9454ce4d454/element/4D659CCE43662C88843FF45985DAF69B_element_43/elements'
13:06:03.612 [Forwarding findChildElements on session db756c82607839ee1aebe9454ce4d454 to remote] DEBUG org.asynchttpclient.netty.request.NettyRequestSender -- Using open Channel [id: 0x887c25fe, L:/127.0.0.1:65071 - R:localhost/127.0.0.1:12740] for POST '/session/db756c82607839ee1aebe9454ce4d454/element/4D659CCE43662C88843FF45985DAF69B_element_43/elements'
13:06:03.618 [AsyncHttpClient-1-2] DEBUG org.asynchttpclient.netty.handler.HttpHandler -- 

Request DefaultHttpRequest(decodeResult: success, version: HTTP/1.1)
POST /session/db756c82607839ee1aebe9454ce4d454/element/4D659CCE43662C88843FF45985DAF69B_element_43/elements HTTP/1.1
User-Agent: selenium/4.10.0 (java windows)
Content-Length: 127
Content-Type: application/json; charset=utf-8
host: localhost:12740
accept: */*

Response DefaultHttpResponse(decodeResult: success, version: HTTP/1.1)
HTTP/1.1 200 OK
Content-Length: 97
Content-Type: application/json; charset=utf-8
cache-control: no-cache

13:06:03.618 [AsyncHttpClient-1-2] DEBUG org.asynchttpclient.netty.channel.ChannelManager -- Adding key: http://localhost:12740 for channel [id: 0x887c25fe, L:/127.0.0.1:65071 - R:localhost/127.0.0.1:12740]
13:06:03.619 [Forwarding isElementEnabled on session db756c82607839ee1aebe9454ce4d454 to remote] DEBUG org.asynchttpclient.netty.request.NettyRequestSender -- Using pooled Channel '[id: 0x887c25fe, L:/127.0.0.1:65071 - R:localhost/127.0.0.1:12740]' for 'GET' to 'http://localhost:12740/session/db756c82607839ee1aebe9454ce4d454/element/4D659CCE43662C88843FF45985DAF69B_element_44/enabled'
13:06:03.619 [Forwarding isElementEnabled on session db756c82607839ee1aebe9454ce4d454 to remote] DEBUG org.asynchttpclient.netty.request.NettyRequestSender -- Using open Channel [id: 0x887c25fe, L:/127.0.0.1:65071 - R:localhost/127.0.0.1:12740] for GET '/session/db756c82607839ee1aebe9454ce4d454/element/4D659CCE43662C88843FF45985DAF69B_element_44/enabled'
13:06:03.622 [AsyncHttpClient-1-2] DEBUG org.asynchttpclient.netty.handler.HttpHandler -- 

Request DefaultFullHttpRequest(decodeResult: success, version: HTTP/1.1, content: EmptyByteBufBE)
GET /session/db756c82607839ee1aebe9454ce4d454/element/4D659CCE43662C88843FF45985DAF69B_element_44/enabled HTTP/1.1
User-Agent: selenium/4.10.0 (java windows)
Cache-Control: no-cache
Content-Type: application/json; charset=utf-8
host: localhost:12740
accept: */*

Response DefaultHttpResponse(decodeResult: success, version: HTTP/1.1)
HTTP/1.1 200 OK
Content-Length: 14
Content-Type: application/json; charset=utf-8
cache-control: no-cache

13:06:03.622 [AsyncHttpClient-1-2] DEBUG org.asynchttpclient.netty.channel.ChannelManager -- Adding key: http://localhost:12740 for channel [id: 0x887c25fe, L:/127.0.0.1:65071 - R:localhost/127.0.0.1:12740]
13:06:03.623 [Forwarding isElementSelected on session db756c82607839ee1aebe9454ce4d454 to remote] DEBUG org.asynchttpclient.netty.request.NettyRequestSender -- Using pooled Channel '[id: 0x887c25fe, L:/127.0.0.1:65071 - R:localhost/127.0.0.1:12740]' for 'GET' to 'http://localhost:12740/session/db756c82607839ee1aebe9454ce4d454/element/4D659CCE43662C88843FF45985DAF69B_element_44/selected'
13:06:03.623 [Forwarding isElementSelected on session db756c82607839ee1aebe9454ce4d454 to remote] DEBUG org.asynchttpclient.netty.request.NettyRequestSender -- Using open Channel [id: 0x887c25fe, L:/127.0.0.1:65071 - R:localhost/127.0.0.1:12740] for GET '/session/db756c82607839ee1aebe9454ce4d454/element/4D659CCE43662C88843FF45985DAF69B_element_44/selected'
13:06:03.626 [AsyncHttpClient-1-2] DEBUG org.asynchttpclient.netty.handler.HttpHandler -- 

Request DefaultFullHttpRequest(decodeResult: success, version: HTTP/1.1, content: EmptyByteBufBE)
GET /session/db756c82607839ee1aebe9454ce4d454/element/4D659CCE43662C88843FF45985DAF69B_element_44/selected HTTP/1.1
User-Agent: selenium/4.10.0 (java windows)
Cache-Control: no-cache
Content-Type: application/json; charset=utf-8
host: localhost:12740
accept: */*

Response DefaultHttpResponse(decodeResult: success, version: HTTP/1.1)
HTTP/1.1 200 OK
Content-Length: 14
Content-Type: application/json; charset=utf-8
cache-control: no-cache

13:06:03.626 [AsyncHttpClient-1-2] DEBUG org.asynchttpclient.netty.channel.ChannelManager -- Adding key: http://localhost:12740 for channel [id: 0x887c25fe, L:/127.0.0.1:65071 - R:localhost/127.0.0.1:12740]
13:06:03.627 [Forwarding findElement on session db756c82607839ee1aebe9454ce4d454 to remote] DEBUG org.asynchttpclient.netty.request.NettyRequestSender -- Using pooled Channel '[id: 0x887c25fe, L:/127.0.0.1:65071 - R:localhost/127.0.0.1:12740]' for 'POST' to 'http://localhost:12740/session/db756c82607839ee1aebe9454ce4d454/element'
13:06:03.627 [Forwarding findElement on session db756c82607839ee1aebe9454ce4d454 to remote] DEBUG org.asynchttpclient.netty.request.NettyRequestSender -- Using open Channel [id: 0x887c25fe, L:/127.0.0.1:65071 - R:localhost/127.0.0.1:12740] for POST '/session/db756c82607839ee1aebe9454ce4d454/element'
13:06:03.633 [AsyncHttpClient-1-2] DEBUG org.asynchttpclient.netty.handler.HttpHandler -- 

Request DefaultHttpRequest(decodeResult: success, version: HTTP/1.1)
POST /session/db756c82607839ee1aebe9454ce4d454/element HTTP/1.1
User-Agent: selenium/4.10.0 (java windows)
Content-Length: 55
Content-Type: application/json; charset=utf-8
host: localhost:12740
accept: */*

Response DefaultHttpResponse(decodeResult: success, version: HTTP/1.1)
HTTP/1.1 200 OK
Content-Length: 95
Content-Type: application/json; charset=utf-8
cache-control: no-cache

13:06:03.633 [AsyncHttpClient-1-2] DEBUG org.asynchttpclient.netty.channel.ChannelManager -- Adding key: http://localhost:12740 for channel [id: 0x887c25fe, L:/127.0.0.1:65071 - R:localhost/127.0.0.1:12740]
13:06:03.633 [Forwarding getElementTagName on session db756c82607839ee1aebe9454ce4d454 to remote] DEBUG org.asynchttpclient.netty.request.NettyRequestSender -- Using pooled Channel '[id: 0x887c25fe, L:/127.0.0.1:65071 - R:localhost/127.0.0.1:12740]' for 'GET' to 'http://localhost:12740/session/db756c82607839ee1aebe9454ce4d454/element/4D659CCE43662C88843FF45985DAF69B_element_45/name'
13:06:03.633 [Forwarding getElementTagName on session db756c82607839ee1aebe9454ce4d454 to remote] DEBUG org.asynchttpclient.netty.request.NettyRequestSender -- Using open Channel [id: 0x887c25fe, L:/127.0.0.1:65071 - R:localhost/127.0.0.1:12740] for GET '/session/db756c82607839ee1aebe9454ce4d454/element/4D659CCE43662C88843FF45985DAF69B_element_45/name'
13:06:03.636 [AsyncHttpClient-1-2] DEBUG org.asynchttpclient.netty.handler.HttpHandler -- 

Request DefaultFullHttpRequest(decodeResult: success, version: HTTP/1.1, content: EmptyByteBufBE)
GET /session/db756c82607839ee1aebe9454ce4d454/element/4D659CCE43662C88843FF45985DAF69B_element_45/name HTTP/1.1
User-Agent: selenium/4.10.0 (java windows)
Cache-Control: no-cache
Content-Type: application/json; charset=utf-8
host: localhost:12740
accept: */*

Response DefaultHttpResponse(decodeResult: success, version: HTTP/1.1)
HTTP/1.1 200 OK
Content-Length: 18
Content-Type: application/json; charset=utf-8
cache-control: no-cache

13:06:03.636 [AsyncHttpClient-1-2] DEBUG org.asynchttpclient.netty.channel.ChannelManager -- Adding key: http://localhost:12740 for channel [id: 0x887c25fe, L:/127.0.0.1:65071 - R:localhost/127.0.0.1:12740]
13:06:03.637 [Forwarding getElementDomAttribute on session db756c82607839ee1aebe9454ce4d454 to remote] DEBUG org.asynchttpclient.netty.request.NettyRequestSender -- Using pooled Channel '[id: 0x887c25fe, L:/127.0.0.1:65071 - R:localhost/127.0.0.1:12740]' for 'GET' to 'http://localhost:12740/session/db756c82607839ee1aebe9454ce4d454/element/4D659CCE43662C88843FF45985DAF69B_element_45/attribute/multiple'
13:06:03.637 [Forwarding getElementDomAttribute on session db756c82607839ee1aebe9454ce4d454 to remote] DEBUG org.asynchttpclient.netty.request.NettyRequestSender -- Using open Channel [id: 0x887c25fe, L:/127.0.0.1:65071 - R:localhost/127.0.0.1:12740] for GET '/session/db756c82607839ee1aebe9454ce4d454/element/4D659CCE43662C88843FF45985DAF69B_element_45/attribute/multiple'
13:06:03.641 [AsyncHttpClient-1-2] DEBUG org.asynchttpclient.netty.handler.HttpHandler -- 

Request DefaultFullHttpRequest(decodeResult: success, version: HTTP/1.1, content: EmptyByteBufBE)
GET /session/db756c82607839ee1aebe9454ce4d454/element/4D659CCE43662C88843FF45985DAF69B_element_45/attribute/multiple HTTP/1.1
User-Agent: selenium/4.10.0 (java windows)
Cache-Control: no-cache
Content-Type: application/json; charset=utf-8
host: localhost:12740
accept: */*

Response DefaultHttpResponse(decodeResult: success, version: HTTP/1.1)
HTTP/1.1 200 OK
Content-Length: 14
Content-Type: application/json; charset=utf-8
cache-control: no-cache

13:06:03.641 [AsyncHttpClient-1-2] DEBUG org.asynchttpclient.netty.channel.ChannelManager -- Adding key: http://localhost:12740 for channel [id: 0x887c25fe, L:/127.0.0.1:65071 - R:localhost/127.0.0.1:12740]
13:06:03.641 [Forwarding isElementEnabled on session db756c82607839ee1aebe9454ce4d454 to remote] DEBUG org.asynchttpclient.netty.request.NettyRequestSender -- Using pooled Channel '[id: 0x887c25fe, L:/127.0.0.1:65071 - R:localhost/127.0.0.1:12740]' for 'GET' to 'http://localhost:12740/session/db756c82607839ee1aebe9454ce4d454/element/4D659CCE43662C88843FF45985DAF69B_element_45/enabled'
13:06:03.641 [Forwarding isElementEnabled on session db756c82607839ee1aebe9454ce4d454 to remote] DEBUG org.asynchttpclient.netty.request.NettyRequestSender -- Using open Channel [id: 0x887c25fe, L:/127.0.0.1:65071 - R:localhost/127.0.0.1:12740] for GET '/session/db756c82607839ee1aebe9454ce4d454/element/4D659CCE43662C88843FF45985DAF69B_element_45/enabled'
13:06:03.645 [AsyncHttpClient-1-2] DEBUG org.asynchttpclient.netty.handler.HttpHandler -- 

Request DefaultFullHttpRequest(decodeResult: success, version: HTTP/1.1, content: EmptyByteBufBE)
GET /session/db756c82607839ee1aebe9454ce4d454/element/4D659CCE43662C88843FF45985DAF69B_element_45/enabled HTTP/1.1
User-Agent: selenium/4.10.0 (java windows)
Cache-Control: no-cache
Content-Type: application/json; charset=utf-8
host: localhost:12740
accept: */*

Response DefaultHttpResponse(decodeResult: success, version: HTTP/1.1)
HTTP/1.1 200 OK
Content-Length: 14
Content-Type: application/json; charset=utf-8
cache-control: no-cache

13:06:03.646 [AsyncHttpClient-1-2] DEBUG org.asynchttpclient.netty.channel.ChannelManager -- Adding key: http://localhost:12740 for channel [id: 0x887c25fe, L:/127.0.0.1:65071 - R:localhost/127.0.0.1:12740]
13:06:03.646 [Forwarding findChildElements on session db756c82607839ee1aebe9454ce4d454 to remote] DEBUG org.asynchttpclient.netty.request.NettyRequestSender -- Using pooled Channel '[id: 0x887c25fe, L:/127.0.0.1:65071 - R:localhost/127.0.0.1:12740]' for 'POST' to 'http://localhost:12740/session/db756c82607839ee1aebe9454ce4d454/element/4D659CCE43662C88843FF45985DAF69B_element_45/elements'
13:06:03.647 [Forwarding findChildElements on session db756c82607839ee1aebe9454ce4d454 to remote] DEBUG org.asynchttpclient.netty.request.NettyRequestSender -- Using open Channel [id: 0x887c25fe, L:/127.0.0.1:65071 - R:localhost/127.0.0.1:12740] for POST '/session/db756c82607839ee1aebe9454ce4d454/element/4D659CCE43662C88843FF45985DAF69B_element_45/elements'
13:06:03.654 [AsyncHttpClient-1-2] DEBUG org.asynchttpclient.netty.handler.HttpHandler -- 

Request DefaultHttpRequest(decodeResult: success, version: HTTP/1.1)
POST /session/db756c82607839ee1aebe9454ce4d454/element/4D659CCE43662C88843FF45985DAF69B_element_45/elements HTTP/1.1
User-Agent: selenium/4.10.0 (java windows)
Content-Length: 145
Content-Type: application/json; charset=utf-8
host: localhost:12740
accept: */*

Response DefaultHttpResponse(decodeResult: success, version: HTTP/1.1)
HTTP/1.1 200 OK
Content-Length: 97
Content-Type: application/json; charset=utf-8
cache-control: no-cache

13:06:03.654 [AsyncHttpClient-1-2] DEBUG org.asynchttpclient.netty.channel.ChannelManager -- Adding key: http://localhost:12740 for channel [id: 0x887c25fe, L:/127.0.0.1:65071 - R:localhost/127.0.0.1:12740]
13:06:03.655 [Forwarding isElementEnabled on session db756c82607839ee1aebe9454ce4d454 to remote] DEBUG org.asynchttpclient.netty.request.NettyRequestSender -- Using pooled Channel '[id: 0x887c25fe, L:/127.0.0.1:65071 - R:localhost/127.0.0.1:12740]' for 'GET' to 'http://localhost:12740/session/db756c82607839ee1aebe9454ce4d454/element/4D659CCE43662C88843FF45985DAF69B_element_46/enabled'
[...]
---> trip to delete is: JRR64J725I
13:06:20.566 [Forwarding clickElement on session 8858c8e0a2c5c4d71678ca5f18b0ebec to remote] DEBUG org.asynchttpclient.netty.request.NettyRequestSender -- Using pooled Channel '[id: 0x695200ee, L:/127.0.0.1:65202 - R:localhost/127.0.0.1:44186]' for 'POST' to 'http://localhost:44186/session/8858c8e0a2c5c4d71678ca5f18b0ebec/element/ABCFD776A358BA01C40474BA7B495A56_element_126/click'
13:06:20.566 [Forwarding clickElement on session 8858c8e0a2c5c4d71678ca5f18b0ebec to remote] DEBUG org.asynchttpclient.netty.request.NettyRequestSender -- Using open Channel [id: 0x695200ee, L:/127.0.0.1:65202 - R:localhost/127.0.0.1:44186] for POST '/session/8858c8e0a2c5c4d71678ca5f18b0ebec/element/ABCFD776A358BA01C40474BA7B495A56_element_126/click'
13:06:20.589 [AsyncHttpClient-1-8] DEBUG org.asynchttpclient.netty.handler.HttpHandler -- 

Request DefaultHttpRequest(decodeResult: success, version: HTTP/1.1)
POST /session/8858c8e0a2c5c4d71678ca5f18b0ebec/element/ABCFD776A358BA01C40474BA7B495A56_element_126/click HTTP/1.1
User-Agent: selenium/4.10.0 (java windows)
Content-Length: 58
Content-Type: application/json; charset=utf-8
host: localhost:44186
accept: */*

Response DefaultHttpResponse(decodeResult: success, version: HTTP/1.1)
HTTP/1.1 200 OK
Content-Length: 14
Content-Type: application/json; charset=utf-8
cache-control: no-cache

13:06:20.589 [AsyncHttpClient-1-8] DEBUG org.asynchttpclient.netty.channel.ChannelManager -- Adding key: http://localhost:44186 for channel [id: 0x695200ee, L:/127.0.0.1:65202 - R:localhost/127.0.0.1:44186]
13:06:20.590 [Forwarding findElement on session 8858c8e0a2c5c4d71678ca5f18b0ebec to remote] DEBUG org.asynchttpclient.netty.request.NettyRequestSender -- Using pooled Channel '[id: 0x695200ee, L:/127.0.0.1:65202 - R:localhost/127.0.0.1:44186]' for 'POST' to 'http://localhost:44186/session/8858c8e0a2c5c4d71678ca5f18b0ebec/element'
13:06:20.591 [Forwarding findElement on session 8858c8e0a2c5c4d71678ca5f18b0ebec to remote] DEBUG org.asynchttpclient.netty.request.NettyRequestSender -- Using open Channel [id: 0x695200ee, L:/127.0.0.1:65202 - R:localhost/127.0.0.1:44186] for POST '/session/8858c8e0a2c5c4d71678ca5f18b0ebec/element'
13:06:20.599 [AsyncHttpClient-1-8] DEBUG org.asynchttpclient.netty.handler.HttpHandler -- 

Request DefaultHttpRequest(decodeResult: success, version: HTTP/1.1)
POST /session/8858c8e0a2c5c4d71678ca5f18b0ebec/element HTTP/1.1
User-Agent: selenium/4.10.0 (java windows)
Content-Length: 63
Content-Type: application/json; charset=utf-8
host: localhost:44186
accept: */*

Response DefaultHttpResponse(decodeResult: success, version: HTTP/1.1)
HTTP/1.1 200 OK
Content-Length: 96
Content-Type: application/json; charset=utf-8
cache-control: no-cache

13:06:20.599 [AsyncHttpClient-1-8] DEBUG org.asynchttpclient.netty.channel.ChannelManager -- Adding key: http://localhost:44186 for channel [id: 0x695200ee, L:/127.0.0.1:65202 - R:localhost/127.0.0.1:44186]
13:06:20.600 [Forwarding clickElement on session 8858c8e0a2c5c4d71678ca5f18b0ebec to remote] DEBUG org.asynchttpclient.netty.request.NettyRequestSender -- Using pooled Channel '[id: 0x695200ee, L:/127.0.0.1:65202 - R:localhost/127.0.0.1:44186]' for 'POST' to 'http://localhost:44186/session/8858c8e0a2c5c4d71678ca5f18b0ebec/element/ABCFD776A358BA01C40474BA7B495A56_element_128/click'
13:06:20.600 [Forwarding clickElement on session 8858c8e0a2c5c4d71678ca5f18b0ebec to remote] DEBUG org.asynchttpclient.netty.request.NettyRequestSender -- Using open Channel [id: 0x695200ee, L:/127.0.0.1:65202 - R:localhost/127.0.0.1:44186] for POST '/session/8858c8e0a2c5c4d71678ca5f18b0ebec/element/ABCFD776A358BA01C40474BA7B495A56_element_128/click'
13:06:20.627 [AsyncHttpClient-1-8] DEBUG org.asynchttpclient.netty.handler.HttpHandler -- 

Request DefaultHttpRequest(decodeResult: success, version: HTTP/1.1)
POST /session/8858c8e0a2c5c4d71678ca5f18b0ebec/element/ABCFD776A358BA01C40474BA7B495A56_element_128/click HTTP/1.1
User-Agent: selenium/4.10.0 (java windows)
Content-Length: 58
Content-Type: application/json; charset=utf-8
host: localhost:44186
accept: */*

Response DefaultHttpResponse(decodeResult: success, version: HTTP/1.1)
HTTP/1.1 200 OK
Content-Length: 14
Content-Type: application/json; charset=utf-8
cache-control: no-cache

13:06:20.627 [AsyncHttpClient-1-8] DEBUG org.asynchttpclient.netty.channel.ChannelManager -- Adding key: http://localhost:44186 for channel [id: 0x695200ee, L:/127.0.0.1:65202 - R:localhost/127.0.0.1:44186]
transitie BookedItineraryPage.deleteBooking1 met succes uitgevoerd
13:06:20.629 [Forwarding getAlertText on session 8858c8e0a2c5c4d71678ca5f18b0ebec to remote] DEBUG org.asynchttpclient.netty.request.NettyRequestSender -- Using pooled Channel '[id: 0x695200ee, L:/127.0.0.1:65202 - R:localhost/127.0.0.1:44186]' for 'GET' to 'http://localhost:44186/session/8858c8e0a2c5c4d71678ca5f18b0ebec/alert/text'
13:06:20.629 [Forwarding getAlertText on session 8858c8e0a2c5c4d71678ca5f18b0ebec to remote] DEBUG org.asynchttpclient.netty.request.NettyRequestSender -- Using open Channel [id: 0x695200ee, L:/127.0.0.1:65202 - R:localhost/127.0.0.1:44186] for GET '/session/8858c8e0a2c5c4d71678ca5f18b0ebec/alert/text'
13:06:20.630 [AsyncHttpClient-1-8] DEBUG org.asynchttpclient.netty.handler.HttpHandler -- 

Request DefaultFullHttpRequest(decodeResult: success, version: HTTP/1.1, content: EmptyByteBufBE)
GET /session/8858c8e0a2c5c4d71678ca5f18b0ebec/alert/text HTTP/1.1
User-Agent: selenium/4.10.0 (java windows)
Cache-Control: no-cache
Content-Type: application/json; charset=utf-8
host: localhost:44186
accept: */*

Response DefaultHttpResponse(decodeResult: success, version: HTTP/1.1)
HTTP/1.1 200 OK
Content-Length: 50
Content-Type: application/json; charset=utf-8
cache-control: no-cache

13:06:20.630 [AsyncHttpClient-1-8] DEBUG org.asynchttpclient.netty.channel.ChannelManager -- Adding key: http://localhost:44186 for channel [id: 0x695200ee, L:/127.0.0.1:65202 - R:localhost/127.0.0.1:44186]
13:06:20.631 [Forwarding getAlertText on session 8858c8e0a2c5c4d71678ca5f18b0ebec to remote] DEBUG org.asynchttpclient.netty.request.NettyRequestSender -- Using pooled Channel '[id: 0x695200ee, L:/127.0.0.1:65202 - R:localhost/127.0.0.1:44186]' for 'GET' to 'http://localhost:44186/session/8858c8e0a2c5c4d71678ca5f18b0ebec/alert/text'
13:06:20.631 [Forwarding getAlertText on session 8858c8e0a2c5c4d71678ca5f18b0ebec to remote] DEBUG org.asynchttpclient.netty.request.NettyRequestSender -- Using open Channel [id: 0x695200ee, L:/127.0.0.1:65202 - R:localhost/127.0.0.1:44186] for GET '/session/8858c8e0a2c5c4d71678ca5f18b0ebec/alert/text'
13:06:20.631 [AsyncHttpClient-1-8] DEBUG org.asynchttpclient.netty.handler.HttpHandler -- 

Request DefaultFullHttpRequest(decodeResult: success, version: HTTP/1.1, content: EmptyByteBufBE)
GET /session/8858c8e0a2c5c4d71678ca5f18b0ebec/alert/text HTTP/1.1
User-Agent: selenium/4.10.0 (java windows)
Cache-Control: no-cache
Content-Type: application/json; charset=utf-8
host: localhost:44186
accept: */*

Response DefaultHttpResponse(decodeResult: success, version: HTTP/1.1)
HTTP/1.1 200 OK
Content-Length: 50
Content-Type: application/json; charset=utf-8
cache-control: no-cache

13:06:20.631 [AsyncHttpClient-1-8] DEBUG org.asynchttpclient.netty.channel.ChannelManager -- Adding key: http://localhost:44186 for channel [id: 0x695200ee, L:/127.0.0.1:65202 - R:localhost/127.0.0.1:44186]
verwachtte popup tekst gevonden
13:06:20.632 [Forwarding acceptAlert on session 8858c8e0a2c5c4d71678ca5f18b0ebec to remote] DEBUG org.asynchttpclient.netty.request.NettyRequestSender -- Using pooled Channel '[id: 0x695200ee, L:/127.0.0.1:65202 - R:localhost/127.0.0.1:44186]' for 'POST' to 'http://localhost:44186/session/8858c8e0a2c5c4d71678ca5f18b0ebec/alert/accept'
13:06:20.632 [Forwarding acceptAlert on session 8858c8e0a2c5c4d71678ca5f18b0ebec to remote] DEBUG org.asynchttpclient.netty.request.NettyRequestSender -- Using open Channel [id: 0x695200ee, L:/127.0.0.1:65202 - R:localhost/127.0.0.1:44186] for POST '/session/8858c8e0a2c5c4d71678ca5f18b0ebec/alert/accept'
13:06:20.633 [AsyncHttpClient-1-8] DEBUG org.asynchttpclient.netty.handler.HttpHandler -- 

Request DefaultHttpRequest(decodeResult: success, version: HTTP/1.1)
POST /session/8858c8e0a2c5c4d71678ca5f18b0ebec/alert/accept HTTP/1.1
User-Agent: selenium/4.10.0 (java windows)
Content-Length: 3
Content-Type: application/json; charset=utf-8
host: localhost:44186
accept: */*

Response DefaultHttpResponse(decodeResult: success, version: HTTP/1.1)
HTTP/1.1 200 OK
Content-Length: 14
Content-Type: application/json; charset=utf-8
cache-control: no-cache

13:06:20.633 [AsyncHttpClient-1-8] DEBUG org.asynchttpclient.netty.channel.ChannelManager -- Adding key: http://localhost:44186 for channel [id: 0x695200ee, L:/127.0.0.1:65202 - R:localhost/127.0.0.1:44186]
transitie BookedItineraryPage.deleteBooking2 met succes uitgevoerd
13:06:20.634 [Forwarding findElement on session 8858c8e0a2c5c4d71678ca5f18b0ebec to remote] DEBUG org.asynchttpclient.netty.request.NettyRequestSender -- Using pooled Channel '[id: 0x695200ee, L:/127.0.0.1:65202 - R:localhost/127.0.0.1:44186]' for 'POST' to 'http://localhost:44186/session/8858c8e0a2c5c4d71678ca5f18b0ebec/element'
13:06:20.634 [Forwarding findElement on session 8858c8e0a2c5c4d71678ca5f18b0ebec to remote] DEBUG org.asynchttpclient.netty.request.NettyRequestSender -- Using open Channel [id: 0x695200ee, L:/127.0.0.1:65202 - R:localhost/127.0.0.1:44186] for POST '/session/8858c8e0a2c5c4d71678ca5f18b0ebec/element'
13:06:21.612 [AsyncHttpClient-1-1] DEBUG org.asynchttpclient.netty.channel.DefaultChannelPool -- Entry count for : http://localhost:12740 : 1
13:06:21.612 [AsyncHttpClient-1-1] DEBUG org.asynchttpclient.netty.channel.DefaultChannelPool -- Entry count for : http://localhost:65083 : 1
13:06:21.612 [AsyncHttpClient-1-1] DEBUG org.asynchttpclient.netty.channel.DefaultChannelPool -- Entry count for : http://localhost:30099 : 1
13:06:21.612 [AsyncHttpClient-1-1] DEBUG org.asynchttpclient.netty.channel.DefaultChannelPool -- Entry count for : http://localhost:65137 : 1
13:06:21.612 [AsyncHttpClient-1-1] DEBUG org.asynchttpclient.netty.channel.DefaultChannelPool -- Entry count for : http://localhost:65203 : 1
13:06:21.826 [AsyncHttpClient-1-8] DEBUG org.asynchttpclient.netty.handler.HttpHandler -- 

Request DefaultHttpRequest(decodeResult: success, version: HTTP/1.1)
POST /session/8858c8e0a2c5c4d71678ca5f18b0ebec/element HTTP/1.1
User-Agent: selenium/4.10.0 (java windows)
Content-Length: 47
Content-Type: application/json; charset=utf-8
host: localhost:44186
accept: */*

Response DefaultHttpResponse(decodeResult: success, version: HTTP/1.1)
HTTP/1.1 200 OK
Content-Length: 96
Content-Type: application/json; charset=utf-8
cache-control: no-cache

13:06:21.827 [AsyncHttpClient-1-8] DEBUG org.asynchttpclient.netty.channel.ChannelManager -- Adding key: http://localhost:44186 for channel [id: 0x695200ee, L:/127.0.0.1:65202 - R:localhost/127.0.0.1:44186]
13:06:21.827 [Forwarding clickElement on session 8858c8e0a2c5c4d71678ca5f18b0ebec to remote] DEBUG org.asynchttpclient.netty.request.NettyRequestSender -- Using pooled Channel '[id: 0x695200ee, L:/127.0.0.1:65202 - R:localhost/127.0.0.1:44186]' for 'POST' to 'http://localhost:44186/session/8858c8e0a2c5c4d71678ca5f18b0ebec/element/F163AE4EA8CACD3AAD5575FA8F31925D_element_225/click'
13:06:21.827 [Forwarding clickElement on session 8858c8e0a2c5c4d71678ca5f18b0ebec to remote] DEBUG org.asynchttpclient.netty.request.NettyRequestSender -- Using open Channel [id: 0x695200ee, L:/127.0.0.1:65202 - R:localhost/127.0.0.1:44186] for POST '/session/8858c8e0a2c5c4d71678ca5f18b0ebec/element/F163AE4EA8CACD3AAD5575FA8F31925D_element_225/click'
13:06:22.154 [AsyncHttpClient-1-8] DEBUG org.asynchttpclient.netty.handler.HttpHandler -- 

Request DefaultHttpRequest(decodeResult: success, version: HTTP/1.1)
POST /session/8858c8e0a2c5c4d71678ca5f18b0ebec/element/F163AE4EA8CACD3AAD5575FA8F31925D_element_225/click HTTP/1.1
User-Agent: selenium/4.10.0 (java windows)
Content-Length: 58
Content-Type: application/json; charset=utf-8
host: localhost:44186
accept: */*

Response DefaultHttpResponse(decodeResult: success, version: HTTP/1.1)
HTTP/1.1 200 OK
Content-Length: 14
Content-Type: application/json; charset=utf-8
cache-control: no-cache

13:06:22.154 [AsyncHttpClient-1-8] DEBUG org.asynchttpclient.netty.channel.ChannelManager -- Adding key: http://localhost:44186 for channel [id: 0x695200ee, L:/127.0.0.1:65202 - R:localhost/127.0.0.1:44186]
transitie BookingconfPage.logoff() met succes uitgevoerd
13:06:22.157 [Forwarding findElement on session 8858c8e0a2c5c4d71678ca5f18b0ebec to remote] DEBUG org.asynchttpclient.netty.request.NettyRequestSender -- Using pooled Channel '[id: 0x695200ee, L:/127.0.0.1:65202 - R:localhost/127.0.0.1:44186]' for 'POST' to 'http://localhost:44186/session/8858c8e0a2c5c4d71678ca5f18b0ebec/element'
13:06:22.157 [Forwarding findElement on session 8858c8e0a2c5c4d71678ca5f18b0ebec to remote] DEBUG org.asynchttpclient.netty.request.NettyRequestSender -- Using open Channel [id: 0x695200ee, L:/127.0.0.1:65202 - R:localhost/127.0.0.1:44186] for POST '/session/8858c8e0a2c5c4d71678ca5f18b0ebec/element'
13:06:22.164 [AsyncHttpClient-1-8] DEBUG org.asynchttpclient.netty.handler.HttpHandler -- 

Request DefaultHttpRequest(decodeResult: success, version: HTTP/1.1)
POST /session/8858c8e0a2c5c4d71678ca5f18b0ebec/element HTTP/1.1
User-Agent: selenium/4.10.0 (java windows)
Content-Length: 105
Content-Type: application/json; charset=utf-8
host: localhost:44186
accept: */*

Response DefaultHttpResponse(decodeResult: success, version: HTTP/1.1)
HTTP/1.1 200 OK
Content-Length: 96
Content-Type: application/json; charset=utf-8
cache-control: no-cache

13:06:22.164 [AsyncHttpClient-1-8] DEBUG org.asynchttpclient.netty.channel.ChannelManager -- Adding key: http://localhost:44186 for channel [id: 0x695200ee, L:/127.0.0.1:65202 - R:localhost/127.0.0.1:44186]
13:06:22.165 [Forwarding getTitle on session 8858c8e0a2c5c4d71678ca5f18b0ebec to remote] DEBUG org.asynchttpclient.netty.request.NettyRequestSender -- Using pooled Channel '[id: 0x695200ee, L:/127.0.0.1:65202 - R:localhost/127.0.0.1:44186]' for 'GET' to 'http://localhost:44186/session/8858c8e0a2c5c4d71678ca5f18b0ebec/title'
13:06:22.165 [Forwarding getTitle on session 8858c8e0a2c5c4d71678ca5f18b0ebec to remote] DEBUG org.asynchttpclient.netty.request.NettyRequestSender -- Using open Channel [id: 0x695200ee, L:/127.0.0.1:65202 - R:localhost/127.0.0.1:44186] for GET '/session/8858c8e0a2c5c4d71678ca5f18b0ebec/title'
13:06:22.167 [AsyncHttpClient-1-8] DEBUG org.asynchttpclient.netty.handler.HttpHandler -- 

Request DefaultFullHttpRequest(decodeResult: success, version: HTTP/1.1, content: EmptyByteBufBE)
GET /session/8858c8e0a2c5c4d71678ca5f18b0ebec/title HTTP/1.1
User-Agent: selenium/4.10.0 (java windows)
Cache-Control: no-cache
Content-Type: application/json; charset=utf-8
host: localhost:44186
accept: */*

Response DefaultHttpResponse(decodeResult: success, version: HTTP/1.1)
HTTP/1.1 200 OK
Content-Length: 32
Content-Type: application/json; charset=utf-8
cache-control: no-cache

13:06:22.167 [AsyncHttpClient-1-8] DEBUG org.asynchttpclient.netty.channel.ChannelManager -- Adding key: http://localhost:44186 for channel [id: 0x695200ee, L:/127.0.0.1:65202 - R:localhost/127.0.0.1:44186]
controle LogoutPage met succes uitgevoerd
13:06:22.172 [Driver Command Executor] DEBUG org.asynchttpclient.netty.request.NettyRequestSender -- Using pooled Channel '[id: 0x695200ee, L:/127.0.0.1:65202 - R:localhost/127.0.0.1:44186]' for 'DELETE' to 'http://localhost:44186/session/8858c8e0a2c5c4d71678ca5f18b0ebec'
13:06:22.172 [Driver Command Executor] DEBUG org.asynchttpclient.netty.request.NettyRequestSender -- Using open Channel [id: 0x695200ee, L:/127.0.0.1:65202 - R:localhost/127.0.0.1:44186] for DELETE '/session/8858c8e0a2c5c4d71678ca5f18b0ebec'
13:06:22.173 [AsyncHttpClient-1-10] DEBUG org.asynchttpclient.netty.handler.WebSocketHandler -- Channel Closed: [id: 0xc6dcb245, L:/127.0.0.1:65213 ! R:localhost/127.0.0.1:65203] with attribute NettyResponseFuture{currentRetry=0,
	isDone=1,
	isCancelled=0,
	asyncHandler=org.asynchttpclient.ws.WebSocketUpgradeHandler@42b6bfd2,
	nettyRequest=org.asynchttpclient.netty.request.NettyRequest@731bbf7e,
	future=java.util.concurrent.CompletableFuture@593f240b[Completed normally],
	uri=ws://localhost:65203/devtools/browser/1ba28f0e-5a99-45c9-838f-b3fe594c840a,
	keepAlive=true,
	redirectCount=0,
	timeoutsHolder=null,
	inAuth=0,
	touch=1689678374585}
13:06:22.174 [AsyncHttpClient-1-10] DEBUG org.asynchttpclient.netty.channel.ChannelManager -- Closing Channel [id: 0xc6dcb245, L:/127.0.0.1:65213 ! R:localhost/127.0.0.1:65203] 
13:06:22.189 [AsyncHttpClient-1-9] DEBUG org.asynchttpclient.netty.handler.HttpHandler -- Unexpected I/O exception on channel [id: 0xd7da4397, L:/127.0.0.1:65212 - R:localhost/127.0.0.1:65203]
java.net.SocketException: Connection reset
	at java.base/sun.nio.ch.SocketChannelImpl.throwConnectionReset(SocketChannelImpl.java:401)
	at java.base/sun.nio.ch.SocketChannelImpl.read(SocketChannelImpl.java:434)
	at io.netty.buffer.PooledByteBuf.setBytes(PooledByteBuf.java:256)
	at io.netty.buffer.AbstractByteBuf.writeBytes(AbstractByteBuf.java:1132)
	at io.netty.channel.socket.nio.NioSocketChannel.doReadBytes(NioSocketChannel.java:357)
	at io.netty.channel.nio.AbstractNioByteChannel$NioByteUnsafe.read(AbstractNioByteChannel.java:151)
	at io.netty.channel.nio.NioEventLoop.processSelectedKey(NioEventLoop.java:788)
	at io.netty.channel.nio.NioEventLoop.processSelectedKeysOptimized(NioEventLoop.java:724)
	at io.netty.channel.nio.NioEventLoop.processSelectedKeys(NioEventLoop.java:650)
	at io.netty.channel.nio.NioEventLoop.run(NioEventLoop.java:562)
	at io.netty.util.concurrent.SingleThreadEventExecutor$4.run(SingleThreadEventExecutor.java:997)
	at io.netty.util.internal.ThreadExecutorMap$2.run(ThreadExecutorMap.java:74)
	at io.netty.util.concurrent.FastThreadLocalRunnable.run(FastThreadLocalRunnable.java:30)
	at java.base/java.lang.Thread.run(Thread.java:1623)
13:06:22.193 [AsyncHttpClient-1-9] DEBUG org.asynchttpclient.netty.channel.ChannelManager -- Closing Channel [id: 0xd7da4397, L:/127.0.0.1:65212 - R:localhost/127.0.0.1:65203] 
13:06:22.194 [AsyncHttpClient-1-9] DEBUG org.asynchttpclient.netty.handler.HttpHandler -- Channel Closed: [id: 0xd7da4397, L:/127.0.0.1:65212 ! R:localhost/127.0.0.1:65203] with attribute DISCARD
13:06:22.205 [AsyncHttpClient-1-8] DEBUG org.asynchttpclient.netty.handler.HttpHandler -- 

Request DefaultFullHttpRequest(decodeResult: success, version: HTTP/1.1, content: EmptyByteBufBE)
DELETE /session/8858c8e0a2c5c4d71678ca5f18b0ebec HTTP/1.1
User-Agent: selenium/4.10.0 (java windows)
Content-Type: application/json; charset=utf-8
host: localhost:44186
accept: */*

Response DefaultHttpResponse(decodeResult: success, version: HTTP/1.1)
HTTP/1.1 200 OK
Content-Length: 14
Content-Type: application/json; charset=utf-8
cache-control: no-cache

13:06:22.206 [AsyncHttpClient-1-8] DEBUG org.asynchttpclient.netty.channel.ChannelManager -- Adding key: http://localhost:44186 for channel [id: 0x695200ee, L:/127.0.0.1:65202 - R:localhost/127.0.0.1:44186]
13:06:22.281 [AsyncHttpClient-1-8] DEBUG org.asynchttpclient.netty.handler.HttpHandler -- Channel Closed: [id: 0x695200ee, L:/127.0.0.1:65202 ! R:localhost/127.0.0.1:44186] with attribute DISCARD
]]></system-out>
    <system-err><![CDATA[jul 18, 2023 1:06:13 P.M. org.openqa.selenium.remote.service.DriverService$Builder getLogOutput
INFO: Driver logs no longer sent to console by default; https://www.selenium.dev/documentation/webdriver/drivers/service/#setting-log-output
]]></system-err>
  </testcase>
</testsuite>